running egg_info
creating ../../build/summer_task_pkg/summer_task_pkg.egg-info
writing ../../build/summer_task_pkg/summer_task_pkg.egg-info/PKG-INFO
writing dependency_links to ../../build/summer_task_pkg/summer_task_pkg.egg-info/dependency_links.txt
writing entry points to ../../build/summer_task_pkg/summer_task_pkg.egg-info/entry_points.txt
writing requirements to ../../build/summer_task_pkg/summer_task_pkg.egg-info/requires.txt
writing top-level names to ../../build/summer_task_pkg/summer_task_pkg.egg-info/top_level.txt
writing manifest file '../../build/summer_task_pkg/summer_task_pkg.egg-info/SOURCES.txt'
reading manifest file '../../build/summer_task_pkg/summer_task_pkg.egg-info/SOURCES.txt'
writing manifest file '../../build/summer_task_pkg/summer_task_pkg.egg-info/SOURCES.txt'
running build
running build_py
creating /home/yashvant/ros2_ws/build/summer_task_pkg/build
creating /home/yashvant/ros2_ws/build/summer_task_pkg/build/lib
creating /home/yashvant/ros2_ws/build/summer_task_pkg/build/lib/summer_task_pkg
copying summer_task_pkg/circle_patrol_server.py -> /home/yashvant/ros2_ws/build/summer_task_pkg/build/lib/summer_task_pkg
copying summer_task_pkg/__init__.py -> /home/yashvant/ros2_ws/build/summer_task_pkg/build/lib/summer_task_pkg
copying summer_task_pkg/circle_patrol_client.py -> /home/yashvant/ros2_ws/build/summer_task_pkg/build/lib/summer_task_pkg
copying summer_task_pkg/collision_avoidance_node.py -> /home/yashvant/ros2_ws/build/summer_task_pkg/build/lib/summer_task_pkg
running install
running install_lib
creating /home/yashvant/ros2_ws/install/summer_task_pkg/lib/python3.10/site-packages/summer_task_pkg
copying /home/yashvant/ros2_ws/build/summer_task_pkg/build/lib/summer_task_pkg/circle_patrol_server.py -> /home/yashvant/ros2_ws/install/summer_task_pkg/lib/python3.10/site-packages/summer_task_pkg
copying /home/yashvant/ros2_ws/build/summer_task_pkg/build/lib/summer_task_pkg/__init__.py -> /home/yashvant/ros2_ws/install/summer_task_pkg/lib/python3.10/site-packages/summer_task_pkg
copying /home/yashvant/ros2_ws/build/summer_task_pkg/build/lib/summer_task_pkg/circle_patrol_client.py -> /home/yashvant/ros2_ws/install/summer_task_pkg/lib/python3.10/site-packages/summer_task_pkg
copying /home/yashvant/ros2_ws/build/summer_task_pkg/build/lib/summer_task_pkg/collision_avoidance_node.py -> /home/yashvant/ros2_ws/install/summer_task_pkg/lib/python3.10/site-packages/summer_task_pkg
byte-compiling /home/yashvant/ros2_ws/install/summer_task_pkg/lib/python3.10/site-packages/summer_task_pkg/circle_patrol_server.py to circle_patrol_server.cpython-310.pyc
byte-compiling /home/yashvant/ros2_ws/install/summer_task_pkg/lib/python3.10/site-packages/summer_task_pkg/__init__.py to __init__.cpython-310.pyc
byte-compiling /home/yashvant/ros2_ws/install/summer_task_pkg/lib/python3.10/site-packages/summer_task_pkg/circle_patrol_client.py to circle_patrol_client.cpython-310.pyc
byte-compiling /home/yashvant/ros2_ws/install/summer_task_pkg/lib/python3.10/site-packages/summer_task_pkg/collision_avoidance_node.py to collision_avoidance_node.cpython-310.pyc
running install_data
creating /home/yashvant/ros2_ws/install/summer_task_pkg/share/ament_index
creating /home/yashvant/ros2_ws/install/summer_task_pkg/share/ament_index/resource_index
creating /home/yashvant/ros2_ws/install/summer_task_pkg/share/ament_index/resource_index/packages
copying resource/summer_task_pkg -> /home/yashvant/ros2_ws/install/summer_task_pkg/share/ament_index/resource_index/packages
copying package.xml -> /home/yashvant/ros2_ws/install/summer_task_pkg/share/summer_task_pkg
creating /home/yashvant/ros2_ws/install/summer_task_pkg/share/summer_task_pkg/launch
copying launch/avoidance_launch.py -> /home/yashvant/ros2_ws/install/summer_task_pkg/share/summer_task_pkg/launch
running install_egg_info
Copying ../../build/summer_task_pkg/summer_task_pkg.egg-info to /home/yashvant/ros2_ws/install/summer_task_pkg/lib/python3.10/site-packages/summer_task_pkg-0.0.0-py3.10.egg-info
running install_scripts
Installing circle_patrol_client script to /home/yashvant/ros2_ws/install/summer_task_pkg/lib/summer_task_pkg
Installing circle_patrol_server script to /home/yashvant/ros2_ws/install/summer_task_pkg/lib/summer_task_pkg
Installing collision_avoidance_node script to /home/yashvant/ros2_ws/install/summer_task_pkg/lib/summer_task_pkg
writing list of installed files to '/home/yashvant/ros2_ws/build/summer_task_pkg/install.log'
