/home/yashvant/ros2_ws/install/my_python_pkg/lib/python3.10/site-packages/my_python_pkg/__init__.py
/home/yashvant/ros2_ws/install/my_python_pkg/lib/python3.10/site-packages/my_python_pkg/rover_client.py
/home/yashvant/ros2_ws/install/my_python_pkg/lib/python3.10/site-packages/my_python_pkg/rover_service.py
/home/yashvant/ros2_ws/install/my_python_pkg/lib/python3.10/site-packages/my_python_pkg/rover_sub.py
/home/yashvant/ros2_ws/install/my_python_pkg/lib/python3.10/site-packages/my_python_pkg/rover_pub.py
/home/yashvant/ros2_ws/install/my_python_pkg/lib/python3.10/site-packages/my_python_pkg/__pycache__/__init__.cpython-310.pyc
/home/yashvant/ros2_ws/install/my_python_pkg/lib/python3.10/site-packages/my_python_pkg/__pycache__/rover_client.cpython-310.pyc
/home/yashvant/ros2_ws/install/my_python_pkg/lib/python3.10/site-packages/my_python_pkg/__pycache__/rover_service.cpython-310.pyc
/home/yashvant/ros2_ws/install/my_python_pkg/lib/python3.10/site-packages/my_python_pkg/__pycache__/rover_sub.cpython-310.pyc
/home/yashvant/ros2_ws/install/my_python_pkg/lib/python3.10/site-packages/my_python_pkg/__pycache__/rover_pub.cpython-310.pyc
/home/yashvant/ros2_ws/install/my_python_pkg/share/ament_index/resource_index/packages/my_python_pkg
/home/yashvant/ros2_ws/install/my_python_pkg/share/my_python_pkg/package.xml
/home/yashvant/ros2_ws/install/my_python_pkg/lib/python3.10/site-packages/my_python_pkg-0.0.0-py3.10.egg-info/SOURCES.txt
/home/yashvant/ros2_ws/install/my_python_pkg/lib/python3.10/site-packages/my_python_pkg-0.0.0-py3.10.egg-info/dependency_links.txt
/home/yashvant/ros2_ws/install/my_python_pkg/lib/python3.10/site-packages/my_python_pkg-0.0.0-py3.10.egg-info/zip-safe
/home/yashvant/ros2_ws/install/my_python_pkg/lib/python3.10/site-packages/my_python_pkg-0.0.0-py3.10.egg-info/entry_points.txt
/home/yashvant/ros2_ws/install/my_python_pkg/lib/python3.10/site-packages/my_python_pkg-0.0.0-py3.10.egg-info/top_level.txt
/home/yashvant/ros2_ws/install/my_python_pkg/lib/python3.10/site-packages/my_python_pkg-0.0.0-py3.10.egg-info/requires.txt
/home/yashvant/ros2_ws/install/my_python_pkg/lib/python3.10/site-packages/my_python_pkg-0.0.0-py3.10.egg-info/PKG-INFO
/home/yashvant/ros2_ws/install/my_python_pkg/lib/my_python_pkg/py_client
/home/yashvant/ros2_ws/install/my_python_pkg/lib/my_python_pkg/py_pub
/home/yashvant/ros2_ws/install/my_python_pkg/lib/my_python_pkg/py_service
/home/yashvant/ros2_ws/install/my_python_pkg/lib/my_python_pkg/py_sub
