[0.599s] Invoking command in '/home/yashvant/ros2_ws/src/my_python_pkg': PYTHONPATH=/home/yashvant/ros2_ws/build/my_python_pkg/prefix_override:/usr/lib/python3/dist-packages/colcon_core/task/python/colcon_distutils_commands:/home/yashvant/ros2_ws/install/my_python_pkg/lib/python3.10/site-packages:${PYTHONPATH} /usr/bin/python3 -W ignore:setup.py install is deprecated -W ignore:easy_install command is deprecated setup.py egg_info --egg-base ../../build/my_python_pkg build --build-base /home/yashvant/ros2_ws/build/my_python_pkg/build install --record /home/yashvant/ros2_ws/build/my_python_pkg/install.log --single-version-externally-managed install_data
[0.764s] running egg_info
[0.764s] creating ../../build/my_python_pkg/my_python_pkg.egg-info
[0.765s] writing ../../build/my_python_pkg/my_python_pkg.egg-info/PKG-INFO
[0.765s] writing dependency_links to ../../build/my_python_pkg/my_python_pkg.egg-info/dependency_links.txt
[0.765s] writing entry points to ../../build/my_python_pkg/my_python_pkg.egg-info/entry_points.txt
[0.765s] writing requirements to ../../build/my_python_pkg/my_python_pkg.egg-info/requires.txt
[0.765s] writing top-level names to ../../build/my_python_pkg/my_python_pkg.egg-info/top_level.txt
[0.765s] writing manifest file '../../build/my_python_pkg/my_python_pkg.egg-info/SOURCES.txt'
[0.766s] reading manifest file '../../build/my_python_pkg/my_python_pkg.egg-info/SOURCES.txt'
[0.766s] writing manifest file '../../build/my_python_pkg/my_python_pkg.egg-info/SOURCES.txt'
[0.767s] running build
[0.767s] running build_py
[0.767s] creating /home/yashvant/ros2_ws/build/my_python_pkg/build
[0.767s] creating /home/yashvant/ros2_ws/build/my_python_pkg/build/lib
[0.767s] creating /home/yashvant/ros2_ws/build/my_python_pkg/build/lib/my_python_pkg
[0.767s] copying my_python_pkg/__init__.py -> /home/yashvant/ros2_ws/build/my_python_pkg/build/lib/my_python_pkg
[0.768s] copying my_python_pkg/rover_client.py -> /home/yashvant/ros2_ws/build/my_python_pkg/build/lib/my_python_pkg
[0.768s] copying my_python_pkg/rover_service.py -> /home/yashvant/ros2_ws/build/my_python_pkg/build/lib/my_python_pkg
[0.768s] copying my_python_pkg/rover_sub.py -> /home/yashvant/ros2_ws/build/my_python_pkg/build/lib/my_python_pkg
[0.768s] copying my_python_pkg/rover_pub.py -> /home/yashvant/ros2_ws/build/my_python_pkg/build/lib/my_python_pkg
[0.768s] running install
[0.768s] running install_lib
[0.768s] creating /home/yashvant/ros2_ws/install/my_python_pkg/lib/python3.10/site-packages/my_python_pkg
[0.768s] copying /home/yashvant/ros2_ws/build/my_python_pkg/build/lib/my_python_pkg/__init__.py -> /home/yashvant/ros2_ws/install/my_python_pkg/lib/python3.10/site-packages/my_python_pkg
[0.769s] copying /home/yashvant/ros2_ws/build/my_python_pkg/build/lib/my_python_pkg/rover_client.py -> /home/yashvant/ros2_ws/install/my_python_pkg/lib/python3.10/site-packages/my_python_pkg
[0.770s] copying /home/yashvant/ros2_ws/build/my_python_pkg/build/lib/my_python_pkg/rover_service.py -> /home/yashvant/ros2_ws/install/my_python_pkg/lib/python3.10/site-packages/my_python_pkg
[0.770s] copying /home/yashvant/ros2_ws/build/my_python_pkg/build/lib/my_python_pkg/rover_sub.py -> /home/yashvant/ros2_ws/install/my_python_pkg/lib/python3.10/site-packages/my_python_pkg
[0.771s] copying /home/yashvant/ros2_ws/build/my_python_pkg/build/lib/my_python_pkg/rover_pub.py -> /home/yashvant/ros2_ws/install/my_python_pkg/lib/python3.10/site-packages/my_python_pkg
[0.771s] byte-compiling /home/yashvant/ros2_ws/install/my_python_pkg/lib/python3.10/site-packages/my_python_pkg/__init__.py to __init__.cpython-310.pyc
[0.771s] byte-compiling /home/yashvant/ros2_ws/install/my_python_pkg/lib/python3.10/site-packages/my_python_pkg/rover_client.py to rover_client.cpython-310.pyc
[0.772s] byte-compiling /home/yashvant/ros2_ws/install/my_python_pkg/lib/python3.10/site-packages/my_python_pkg/rover_service.py to rover_service.cpython-310.pyc
[0.772s] byte-compiling /home/yashvant/ros2_ws/install/my_python_pkg/lib/python3.10/site-packages/my_python_pkg/rover_sub.py to rover_sub.cpython-310.pyc
[0.772s] byte-compiling /home/yashvant/ros2_ws/install/my_python_pkg/lib/python3.10/site-packages/my_python_pkg/rover_pub.py to rover_pub.cpython-310.pyc
[0.773s] running install_data
[0.773s] creating /home/yashvant/ros2_ws/install/my_python_pkg/share/ament_index
[0.773s] creating /home/yashvant/ros2_ws/install/my_python_pkg/share/ament_index/resource_index
[0.773s] creating /home/yashvant/ros2_ws/install/my_python_pkg/share/ament_index/resource_index/packages
[0.774s] copying resource/my_python_pkg -> /home/yashvant/ros2_ws/install/my_python_pkg/share/ament_index/resource_index/packages
[0.774s] copying package.xml -> /home/yashvant/ros2_ws/install/my_python_pkg/share/my_python_pkg
[0.774s] running install_egg_info
[0.774s] Copying ../../build/my_python_pkg/my_python_pkg.egg-info to /home/yashvant/ros2_ws/install/my_python_pkg/lib/python3.10/site-packages/my_python_pkg-0.0.0-py3.10.egg-info
[0.774s] running install_scripts
[0.789s] Installing py_client script to /home/yashvant/ros2_ws/install/my_python_pkg/lib/my_python_pkg
[0.789s] Installing py_pub script to /home/yashvant/ros2_ws/install/my_python_pkg/lib/my_python_pkg
[0.790s] Installing py_service script to /home/yashvant/ros2_ws/install/my_python_pkg/lib/my_python_pkg
[0.790s] Installing py_sub script to /home/yashvant/ros2_ws/install/my_python_pkg/lib/my_python_pkg
[0.790s] writing list of installed files to '/home/yashvant/ros2_ws/build/my_python_pkg/install.log'
[0.812s] Invoked command in '/home/yashvant/ros2_ws/src/my_python_pkg' returned '0': PYTHONPATH=/home/yashvant/ros2_ws/build/my_python_pkg/prefix_override:/usr/lib/python3/dist-packages/colcon_core/task/python/colcon_distutils_commands:/home/yashvant/ros2_ws/install/my_python_pkg/lib/python3.10/site-packages:${PYTHONPATH} /usr/bin/python3 -W ignore:setup.py install is deprecated -W ignore:easy_install command is deprecated setup.py egg_info --egg-base ../../build/my_python_pkg build --build-base /home/yashvant/ros2_ws/build/my_python_pkg/build install --record /home/yashvant/ros2_ws/build/my_python_pkg/install.log --single-version-externally-managed install_data
