[0.093s] DEBUG:colcon:Command line arguments: ['/usr/bin/colcon', 'build']
[0.094s] DEBUG:colcon:Parsed command line arguments: Namespace(log_base=None, log_level=None, verb_name='build', build_base='build', install_base='install', merge_install=False, symlink_install=False, test_result_base=None, continue_on_error=False, executor='parallel', parallel_workers=12, event_handlers=None, ignore_user_meta=False, metas=['./colcon.meta'], base_paths=['.'], packages_ignore=None, packages_ignore_regex=None, paths=None, packages_up_to=None, packages_up_to_regex=None, packages_above=None, packages_above_and_dependencies=None, packages_above_depth=None, packages_select_by_dep=None, packages_skip_by_dep=None, packages_skip_up_to=None, packages_select_build_failed=False, packages_skip_build_finished=False, packages_select_test_failures=False, packages_skip_test_passed=False, packages_select=None, packages_skip=None, packages_select_regex=None, packages_skip_regex=None, packages_start=None, packages_end=None, allow_overriding=[], cmake_args=None, cmake_target=None, cmake_target_skip_unavailable=False, cmake_clean_cache=False, cmake_clean_first=False, cmake_force_configure=False, ament_cmake_args=None, catkin_cmake_args=None, catkin_skip_building_tests=False, mixin_files=None, mixin=None, verb_parser=<colcon_mixin.mixin.mixin_argument.MixinArgumentDecorator object at 0x7e26c1771270>, verb_extension=<colcon_core.verb.build.BuildVerb object at 0x7e26c1770be0>, main=<bound method BuildVerb.main of <colcon_core.verb.build.BuildVerb object at 0x7e26c1770be0>>, mixin_verb=('build',))
[0.239s] Level 1:colcon.colcon_core.package_discovery:discover_packages(colcon_meta) check parameters
[0.239s] Level 1:colcon.colcon_core.package_discovery:discover_packages(recursive) check parameters
[0.239s] Level 1:colcon.colcon_core.package_discovery:discover_packages(ignore) check parameters
[0.239s] Level 1:colcon.colcon_core.package_discovery:discover_packages(path) check parameters
[0.239s] Level 1:colcon.colcon_core.package_discovery:discover_packages(colcon_meta) discover
[0.239s] Level 1:colcon.colcon_core.package_discovery:discover_packages(recursive) discover
[0.239s] INFO:colcon.colcon_core.package_discovery:Crawling recursively for packages in '/home/yashvant/ros2_ws'
[0.239s] Level 1:colcon.colcon_core.package_identification:_identify(.) by extensions ['ignore', 'ignore_ament_install']
[0.239s] Level 1:colcon.colcon_core.package_identification:_identify(.) by extension 'ignore'
[0.239s] Level 1:colcon.colcon_core.package_identification:_identify(.) by extension 'ignore_ament_install'
[0.239s] Level 1:colcon.colcon_core.package_identification:_identify(.) by extensions ['colcon_pkg']
[0.239s] Level 1:colcon.colcon_core.package_identification:_identify(.) by extension 'colcon_pkg'
[0.239s] Level 1:colcon.colcon_core.package_identification:_identify(.) by extensions ['colcon_meta']
[0.239s] Level 1:colcon.colcon_core.package_identification:_identify(.) by extension 'colcon_meta'
[0.239s] Level 1:colcon.colcon_core.package_identification:_identify(.) by extensions ['ros']
[0.239s] Level 1:colcon.colcon_core.package_identification:_identify(.) by extension 'ros'
[0.247s] Level 1:colcon.colcon_core.package_identification:_identify(.) by extensions ['cmake', 'python']
[0.247s] Level 1:colcon.colcon_core.package_identification:_identify(.) by extension 'cmake'
[0.247s] Level 1:colcon.colcon_core.package_identification:_identify(.) by extension 'python'
[0.247s] Level 1:colcon.colcon_core.package_identification:_identify(.) by extensions ['python_setup_py']
[0.247s] Level 1:colcon.colcon_core.package_identification:_identify(.) by extension 'python_setup_py'
[0.247s] Level 1:colcon.colcon_core.package_identification:_identify(build) by extensions ['ignore', 'ignore_ament_install']
[0.247s] Level 1:colcon.colcon_core.package_identification:_identify(build) by extension 'ignore'
[0.247s] Level 1:colcon.colcon_core.package_identification:_identify(build) ignored
[0.247s] Level 1:colcon.colcon_core.package_identification:_identify(install) by extensions ['ignore', 'ignore_ament_install']
[0.247s] Level 1:colcon.colcon_core.package_identification:_identify(install) by extension 'ignore'
[0.247s] Level 1:colcon.colcon_core.package_identification:_identify(install) ignored
[0.247s] Level 1:colcon.colcon_core.package_identification:_identify(log) by extensions ['ignore', 'ignore_ament_install']
[0.247s] Level 1:colcon.colcon_core.package_identification:_identify(log) by extension 'ignore'
[0.247s] Level 1:colcon.colcon_core.package_identification:_identify(log) ignored
[0.247s] Level 1:colcon.colcon_core.package_identification:_identify(src) by extensions ['ignore', 'ignore_ament_install']
[0.247s] Level 1:colcon.colcon_core.package_identification:_identify(src) by extension 'ignore'
[0.247s] Level 1:colcon.colcon_core.package_identification:_identify(src) by extension 'ignore_ament_install'
[0.247s] Level 1:colcon.colcon_core.package_identification:_identify(src) by extensions ['colcon_pkg']
[0.247s] Level 1:colcon.colcon_core.package_identification:_identify(src) by extension 'colcon_pkg'
[0.247s] Level 1:colcon.colcon_core.package_identification:_identify(src) by extensions ['colcon_meta']
[0.247s] Level 1:colcon.colcon_core.package_identification:_identify(src) by extension 'colcon_meta'
[0.247s] Level 1:colcon.colcon_core.package_identification:_identify(src) by extensions ['ros']
[0.247s] Level 1:colcon.colcon_core.package_identification:_identify(src) by extension 'ros'
[0.247s] Level 1:colcon.colcon_core.package_identification:_identify(src) by extensions ['cmake', 'python']
[0.247s] Level 1:colcon.colcon_core.package_identification:_identify(src) by extension 'cmake'
[0.247s] Level 1:colcon.colcon_core.package_identification:_identify(src) by extension 'python'
[0.247s] Level 1:colcon.colcon_core.package_identification:_identify(src) by extensions ['python_setup_py']
[0.247s] Level 1:colcon.colcon_core.package_identification:_identify(src) by extension 'python_setup_py'
[0.248s] Level 1:colcon.colcon_core.package_identification:_identify(src/my_cpp_pkg) by extensions ['ignore', 'ignore_ament_install']
[0.248s] Level 1:colcon.colcon_core.package_identification:_identify(src/my_cpp_pkg) by extension 'ignore'
[0.248s] Level 1:colcon.colcon_core.package_identification:_identify(src/my_cpp_pkg) by extension 'ignore_ament_install'
[0.248s] Level 1:colcon.colcon_core.package_identification:_identify(src/my_cpp_pkg) by extensions ['colcon_pkg']
[0.248s] Level 1:colcon.colcon_core.package_identification:_identify(src/my_cpp_pkg) by extension 'colcon_pkg'
[0.248s] Level 1:colcon.colcon_core.package_identification:_identify(src/my_cpp_pkg) by extensions ['colcon_meta']
[0.248s] Level 1:colcon.colcon_core.package_identification:_identify(src/my_cpp_pkg) by extension 'colcon_meta'
[0.248s] Level 1:colcon.colcon_core.package_identification:_identify(src/my_cpp_pkg) by extensions ['ros']
[0.248s] Level 1:colcon.colcon_core.package_identification:_identify(src/my_cpp_pkg) by extension 'ros'
[0.250s] DEBUG:colcon.colcon_core.package_identification:Package 'src/my_cpp_pkg' with type 'ros.ament_cmake' and name 'my_cpp_pkg'
[0.250s] Level 1:colcon.colcon_core.package_identification:_identify(src/my_python_pkg) by extensions ['ignore', 'ignore_ament_install']
[0.250s] Level 1:colcon.colcon_core.package_identification:_identify(src/my_python_pkg) by extension 'ignore'
[0.250s] Level 1:colcon.colcon_core.package_identification:_identify(src/my_python_pkg) by extension 'ignore_ament_install'
[0.250s] Level 1:colcon.colcon_core.package_identification:_identify(src/my_python_pkg) by extensions ['colcon_pkg']
[0.250s] Level 1:colcon.colcon_core.package_identification:_identify(src/my_python_pkg) by extension 'colcon_pkg'
[0.250s] Level 1:colcon.colcon_core.package_identification:_identify(src/my_python_pkg) by extensions ['colcon_meta']
[0.250s] Level 1:colcon.colcon_core.package_identification:_identify(src/my_python_pkg) by extension 'colcon_meta'
[0.250s] Level 1:colcon.colcon_core.package_identification:_identify(src/my_python_pkg) by extensions ['ros']
[0.250s] Level 1:colcon.colcon_core.package_identification:_identify(src/my_python_pkg) by extension 'ros'
[0.251s] DEBUG:colcon.colcon_core.package_identification:Package 'src/my_python_pkg' with type 'ros.ament_python' and name 'my_python_pkg'
[0.251s] Level 1:colcon.colcon_core.package_identification:_identify(src/my_robot_package) by extensions ['ignore', 'ignore_ament_install']
[0.251s] Level 1:colcon.colcon_core.package_identification:_identify(src/my_robot_package) by extension 'ignore'
[0.251s] Level 1:colcon.colcon_core.package_identification:_identify(src/my_robot_package) by extension 'ignore_ament_install'
[0.251s] Level 1:colcon.colcon_core.package_identification:_identify(src/my_robot_package) by extensions ['colcon_pkg']
[0.251s] Level 1:colcon.colcon_core.package_identification:_identify(src/my_robot_package) by extension 'colcon_pkg'
[0.251s] Level 1:colcon.colcon_core.package_identification:_identify(src/my_robot_package) by extensions ['colcon_meta']
[0.251s] Level 1:colcon.colcon_core.package_identification:_identify(src/my_robot_package) by extension 'colcon_meta'
[0.251s] Level 1:colcon.colcon_core.package_identification:_identify(src/my_robot_package) by extensions ['ros']
[0.251s] Level 1:colcon.colcon_core.package_identification:_identify(src/my_robot_package) by extension 'ros'
[0.252s] DEBUG:colcon.colcon_core.package_identification:Package 'src/my_robot_package' with type 'ros.ament_cmake' and name 'my_robot_package'
[0.252s] Level 1:colcon.colcon_core.package_identification:_identify(src/summer_task_interfaces) by extensions ['ignore', 'ignore_ament_install']
[0.252s] Level 1:colcon.colcon_core.package_identification:_identify(src/summer_task_interfaces) by extension 'ignore'
[0.252s] Level 1:colcon.colcon_core.package_identification:_identify(src/summer_task_interfaces) by extension 'ignore_ament_install'
[0.252s] Level 1:colcon.colcon_core.package_identification:_identify(src/summer_task_interfaces) by extensions ['colcon_pkg']
[0.252s] Level 1:colcon.colcon_core.package_identification:_identify(src/summer_task_interfaces) by extension 'colcon_pkg'
[0.252s] Level 1:colcon.colcon_core.package_identification:_identify(src/summer_task_interfaces) by extensions ['colcon_meta']
[0.252s] Level 1:colcon.colcon_core.package_identification:_identify(src/summer_task_interfaces) by extension 'colcon_meta'
[0.252s] Level 1:colcon.colcon_core.package_identification:_identify(src/summer_task_interfaces) by extensions ['ros']
[0.252s] Level 1:colcon.colcon_core.package_identification:_identify(src/summer_task_interfaces) by extension 'ros'
[0.252s] DEBUG:colcon.colcon_core.package_identification:Package 'src/summer_task_interfaces' with type 'ros.ament_cmake' and name 'summer_task_interfaces'
[0.252s] Level 1:colcon.colcon_core.package_identification:_identify(src/summer_task_pkg) by extensions ['ignore', 'ignore_ament_install']
[0.252s] Level 1:colcon.colcon_core.package_identification:_identify(src/summer_task_pkg) by extension 'ignore'
[0.253s] Level 1:colcon.colcon_core.package_identification:_identify(src/summer_task_pkg) by extension 'ignore_ament_install'
[0.253s] Level 1:colcon.colcon_core.package_identification:_identify(src/summer_task_pkg) by extensions ['colcon_pkg']
[0.253s] Level 1:colcon.colcon_core.package_identification:_identify(src/summer_task_pkg) by extension 'colcon_pkg'
[0.253s] Level 1:colcon.colcon_core.package_identification:_identify(src/summer_task_pkg) by extensions ['colcon_meta']
[0.253s] Level 1:colcon.colcon_core.package_identification:_identify(src/summer_task_pkg) by extension 'colcon_meta'
[0.253s] Level 1:colcon.colcon_core.package_identification:_identify(src/summer_task_pkg) by extensions ['ros']
[0.253s] Level 1:colcon.colcon_core.package_identification:_identify(src/summer_task_pkg) by extension 'ros'
[0.253s] DEBUG:colcon.colcon_core.package_identification:Package 'src/summer_task_pkg' with type 'ros.ament_python' and name 'summer_task_pkg'
[0.253s] Level 1:colcon.colcon_core.package_identification:_identify(src/task_1_Screenshots) by extensions ['ignore', 'ignore_ament_install']
[0.253s] Level 1:colcon.colcon_core.package_identification:_identify(src/task_1_Screenshots) by extension 'ignore'
[0.253s] Level 1:colcon.colcon_core.package_identification:_identify(src/task_1_Screenshots) by extension 'ignore_ament_install'
[0.253s] Level 1:colcon.colcon_core.package_identification:_identify(src/task_1_Screenshots) by extensions ['colcon_pkg']
[0.253s] Level 1:colcon.colcon_core.package_identification:_identify(src/task_1_Screenshots) by extension 'colcon_pkg'
[0.253s] Level 1:colcon.colcon_core.package_identification:_identify(src/task_1_Screenshots) by extensions ['colcon_meta']
[0.253s] Level 1:colcon.colcon_core.package_identification:_identify(src/task_1_Screenshots) by extension 'colcon_meta'
[0.253s] Level 1:colcon.colcon_core.package_identification:_identify(src/task_1_Screenshots) by extensions ['ros']
[0.253s] Level 1:colcon.colcon_core.package_identification:_identify(src/task_1_Screenshots) by extension 'ros'
[0.253s] Level 1:colcon.colcon_core.package_identification:_identify(src/task_1_Screenshots) by extensions ['cmake', 'python']
[0.253s] Level 1:colcon.colcon_core.package_identification:_identify(src/task_1_Screenshots) by extension 'cmake'
[0.253s] Level 1:colcon.colcon_core.package_identification:_identify(src/task_1_Screenshots) by extension 'python'
[0.254s] Level 1:colcon.colcon_core.package_identification:_identify(src/task_1_Screenshots) by extensions ['python_setup_py']
[0.254s] Level 1:colcon.colcon_core.package_identification:_identify(src/task_1_Screenshots) by extension 'python_setup_py'
[0.254s] Level 1:colcon.colcon_core.package_identification:_identify(src/task_2_screenshots) by extensions ['ignore', 'ignore_ament_install']
[0.254s] Level 1:colcon.colcon_core.package_identification:_identify(src/task_2_screenshots) by extension 'ignore'
[0.254s] Level 1:colcon.colcon_core.package_identification:_identify(src/task_2_screenshots) by extension 'ignore_ament_install'
[0.254s] Level 1:colcon.colcon_core.package_identification:_identify(src/task_2_screenshots) by extensions ['colcon_pkg']
[0.254s] Level 1:colcon.colcon_core.package_identification:_identify(src/task_2_screenshots) by extension 'colcon_pkg'
[0.254s] Level 1:colcon.colcon_core.package_identification:_identify(src/task_2_screenshots) by extensions ['colcon_meta']
[0.254s] Level 1:colcon.colcon_core.package_identification:_identify(src/task_2_screenshots) by extension 'colcon_meta'
[0.254s] Level 1:colcon.colcon_core.package_identification:_identify(src/task_2_screenshots) by extensions ['ros']
[0.254s] Level 1:colcon.colcon_core.package_identification:_identify(src/task_2_screenshots) by extension 'ros'
[0.254s] Level 1:colcon.colcon_core.package_identification:_identify(src/task_2_screenshots) by extensions ['cmake', 'python']
[0.254s] Level 1:colcon.colcon_core.package_identification:_identify(src/task_2_screenshots) by extension 'cmake'
[0.254s] Level 1:colcon.colcon_core.package_identification:_identify(src/task_2_screenshots) by extension 'python'
[0.254s] Level 1:colcon.colcon_core.package_identification:_identify(src/task_2_screenshots) by extensions ['python_setup_py']
[0.254s] Level 1:colcon.colcon_core.package_identification:_identify(src/task_2_screenshots) by extension 'python_setup_py'
[0.254s] Level 1:colcon.colcon_core.package_discovery:discover_packages(recursive) using defaults
[0.254s] Level 1:colcon.colcon_core.package_discovery:discover_packages(ignore) discover
[0.254s] Level 1:colcon.colcon_core.package_discovery:discover_packages(ignore) using defaults
[0.254s] Level 1:colcon.colcon_core.package_discovery:discover_packages(path) discover
[0.254s] Level 1:colcon.colcon_core.package_discovery:discover_packages(path) using defaults
[0.279s] Level 1:colcon.colcon_core.package_discovery:discover_packages(prefix_path) check parameters
[0.279s] Level 1:colcon.colcon_core.package_discovery:discover_packages(prefix_path) discover
[0.281s] DEBUG:colcon.colcon_installed_package_information.package_discovery:Found 297 installed packages in /opt/ros/humble
[0.282s] Level 1:colcon.colcon_core.package_discovery:discover_packages(prefix_path) using defaults
[0.305s] Level 5:colcon.colcon_core.verb:set package 'my_cpp_pkg' build argument 'cmake_args' from command line to 'None'
[0.305s] Level 5:colcon.colcon_core.verb:set package 'my_cpp_pkg' build argument 'cmake_target' from command line to 'None'
[0.305s] Level 5:colcon.colcon_core.verb:set package 'my_cpp_pkg' build argument 'cmake_target_skip_unavailable' from command line to 'False'
[0.305s] Level 5:colcon.colcon_core.verb:set package 'my_cpp_pkg' build argument 'cmake_clean_cache' from command line to 'False'
[0.305s] Level 5:colcon.colcon_core.verb:set package 'my_cpp_pkg' build argument 'cmake_clean_first' from command line to 'False'
[0.305s] Level 5:colcon.colcon_core.verb:set package 'my_cpp_pkg' build argument 'cmake_force_configure' from command line to 'False'
[0.305s] Level 5:colcon.colcon_core.verb:set package 'my_cpp_pkg' build argument 'ament_cmake_args' from command line to 'None'
[0.305s] Level 5:colcon.colcon_core.verb:set package 'my_cpp_pkg' build argument 'catkin_cmake_args' from command line to 'None'
[0.305s] Level 5:colcon.colcon_core.verb:set package 'my_cpp_pkg' build argument 'catkin_skip_building_tests' from command line to 'False'
[0.305s] DEBUG:colcon.colcon_core.verb:Building package 'my_cpp_pkg' with the following arguments: {'ament_cmake_args': None, 'build_base': '/home/yashvant/ros2_ws/build/my_cpp_pkg', 'catkin_cmake_args': None, 'catkin_skip_building_tests': False, 'cmake_args': None, 'cmake_clean_cache': False, 'cmake_clean_first': False, 'cmake_force_configure': False, 'cmake_target': None, 'cmake_target_skip_unavailable': False, 'install_base': '/home/yashvant/ros2_ws/install/my_cpp_pkg', 'merge_install': False, 'path': '/home/yashvant/ros2_ws/src/my_cpp_pkg', 'symlink_install': False, 'test_result_base': None}
[0.305s] Level 5:colcon.colcon_core.verb:set package 'my_python_pkg' build argument 'cmake_args' from command line to 'None'
[0.305s] Level 5:colcon.colcon_core.verb:set package 'my_python_pkg' build argument 'cmake_target' from command line to 'None'
[0.305s] Level 5:colcon.colcon_core.verb:set package 'my_python_pkg' build argument 'cmake_target_skip_unavailable' from command line to 'False'
[0.305s] Level 5:colcon.colcon_core.verb:set package 'my_python_pkg' build argument 'cmake_clean_cache' from command line to 'False'
[0.305s] Level 5:colcon.colcon_core.verb:set package 'my_python_pkg' build argument 'cmake_clean_first' from command line to 'False'
[0.305s] Level 5:colcon.colcon_core.verb:set package 'my_python_pkg' build argument 'cmake_force_configure' from command line to 'False'
[0.305s] Level 5:colcon.colcon_core.verb:set package 'my_python_pkg' build argument 'ament_cmake_args' from command line to 'None'
[0.305s] Level 5:colcon.colcon_core.verb:set package 'my_python_pkg' build argument 'catkin_cmake_args' from command line to 'None'
[0.305s] Level 5:colcon.colcon_core.verb:set package 'my_python_pkg' build argument 'catkin_skip_building_tests' from command line to 'False'
[0.305s] DEBUG:colcon.colcon_core.verb:Building package 'my_python_pkg' with the following arguments: {'ament_cmake_args': None, 'build_base': '/home/yashvant/ros2_ws/build/my_python_pkg', 'catkin_cmake_args': None, 'catkin_skip_building_tests': False, 'cmake_args': None, 'cmake_clean_cache': False, 'cmake_clean_first': False, 'cmake_force_configure': False, 'cmake_target': None, 'cmake_target_skip_unavailable': False, 'install_base': '/home/yashvant/ros2_ws/install/my_python_pkg', 'merge_install': False, 'path': '/home/yashvant/ros2_ws/src/my_python_pkg', 'symlink_install': False, 'test_result_base': None}
[0.305s] Level 5:colcon.colcon_core.verb:set package 'my_robot_package' build argument 'cmake_args' from command line to 'None'
[0.305s] Level 5:colcon.colcon_core.verb:set package 'my_robot_package' build argument 'cmake_target' from command line to 'None'
[0.305s] Level 5:colcon.colcon_core.verb:set package 'my_robot_package' build argument 'cmake_target_skip_unavailable' from command line to 'False'
[0.305s] Level 5:colcon.colcon_core.verb:set package 'my_robot_package' build argument 'cmake_clean_cache' from command line to 'False'
[0.305s] Level 5:colcon.colcon_core.verb:set package 'my_robot_package' build argument 'cmake_clean_first' from command line to 'False'
[0.305s] Level 5:colcon.colcon_core.verb:set package 'my_robot_package' build argument 'cmake_force_configure' from command line to 'False'
[0.305s] Level 5:colcon.colcon_core.verb:set package 'my_robot_package' build argument 'ament_cmake_args' from command line to 'None'
[0.305s] Level 5:colcon.colcon_core.verb:set package 'my_robot_package' build argument 'catkin_cmake_args' from command line to 'None'
[0.305s] Level 5:colcon.colcon_core.verb:set package 'my_robot_package' build argument 'catkin_skip_building_tests' from command line to 'False'
[0.305s] DEBUG:colcon.colcon_core.verb:Building package 'my_robot_package' with the following arguments: {'ament_cmake_args': None, 'build_base': '/home/yashvant/ros2_ws/build/my_robot_package', 'catkin_cmake_args': None, 'catkin_skip_building_tests': False, 'cmake_args': None, 'cmake_clean_cache': False, 'cmake_clean_first': False, 'cmake_force_configure': False, 'cmake_target': None, 'cmake_target_skip_unavailable': False, 'install_base': '/home/yashvant/ros2_ws/install/my_robot_package', 'merge_install': False, 'path': '/home/yashvant/ros2_ws/src/my_robot_package', 'symlink_install': False, 'test_result_base': None}
[0.306s] Level 5:colcon.colcon_core.verb:set package 'summer_task_interfaces' build argument 'cmake_args' from command line to 'None'
[0.306s] Level 5:colcon.colcon_core.verb:set package 'summer_task_interfaces' build argument 'cmake_target' from command line to 'None'
[0.306s] Level 5:colcon.colcon_core.verb:set package 'summer_task_interfaces' build argument 'cmake_target_skip_unavailable' from command line to 'False'
[0.306s] Level 5:colcon.colcon_core.verb:set package 'summer_task_interfaces' build argument 'cmake_clean_cache' from command line to 'False'
[0.306s] Level 5:colcon.colcon_core.verb:set package 'summer_task_interfaces' build argument 'cmake_clean_first' from command line to 'False'
[0.306s] Level 5:colcon.colcon_core.verb:set package 'summer_task_interfaces' build argument 'cmake_force_configure' from command line to 'False'
[0.306s] Level 5:colcon.colcon_core.verb:set package 'summer_task_interfaces' build argument 'ament_cmake_args' from command line to 'None'
[0.306s] Level 5:colcon.colcon_core.verb:set package 'summer_task_interfaces' build argument 'catkin_cmake_args' from command line to 'None'
[0.306s] Level 5:colcon.colcon_core.verb:set package 'summer_task_interfaces' build argument 'catkin_skip_building_tests' from command line to 'False'
[0.306s] DEBUG:colcon.colcon_core.verb:Building package 'summer_task_interfaces' with the following arguments: {'ament_cmake_args': None, 'build_base': '/home/yashvant/ros2_ws/build/summer_task_interfaces', 'catkin_cmake_args': None, 'catkin_skip_building_tests': False, 'cmake_args': None, 'cmake_clean_cache': False, 'cmake_clean_first': False, 'cmake_force_configure': False, 'cmake_target': None, 'cmake_target_skip_unavailable': False, 'install_base': '/home/yashvant/ros2_ws/install/summer_task_interfaces', 'merge_install': False, 'path': '/home/yashvant/ros2_ws/src/summer_task_interfaces', 'symlink_install': False, 'test_result_base': None}
[0.306s] Level 5:colcon.colcon_core.verb:set package 'summer_task_pkg' build argument 'cmake_args' from command line to 'None'
[0.306s] Level 5:colcon.colcon_core.verb:set package 'summer_task_pkg' build argument 'cmake_target' from command line to 'None'
[0.306s] Level 5:colcon.colcon_core.verb:set package 'summer_task_pkg' build argument 'cmake_target_skip_unavailable' from command line to 'False'
[0.306s] Level 5:colcon.colcon_core.verb:set package 'summer_task_pkg' build argument 'cmake_clean_cache' from command line to 'False'
[0.306s] Level 5:colcon.colcon_core.verb:set package 'summer_task_pkg' build argument 'cmake_clean_first' from command line to 'False'
[0.306s] Level 5:colcon.colcon_core.verb:set package 'summer_task_pkg' build argument 'cmake_force_configure' from command line to 'False'
[0.306s] Level 5:colcon.colcon_core.verb:set package 'summer_task_pkg' build argument 'ament_cmake_args' from command line to 'None'
[0.306s] Level 5:colcon.colcon_core.verb:set package 'summer_task_pkg' build argument 'catkin_cmake_args' from command line to 'None'
[0.306s] Level 5:colcon.colcon_core.verb:set package 'summer_task_pkg' build argument 'catkin_skip_building_tests' from command line to 'False'
[0.306s] DEBUG:colcon.colcon_core.verb:Building package 'summer_task_pkg' with the following arguments: {'ament_cmake_args': None, 'build_base': '/home/yashvant/ros2_ws/build/summer_task_pkg', 'catkin_cmake_args': None, 'catkin_skip_building_tests': False, 'cmake_args': None, 'cmake_clean_cache': False, 'cmake_clean_first': False, 'cmake_force_configure': False, 'cmake_target': None, 'cmake_target_skip_unavailable': False, 'install_base': '/home/yashvant/ros2_ws/install/summer_task_pkg', 'merge_install': False, 'path': '/home/yashvant/ros2_ws/src/summer_task_pkg', 'symlink_install': False, 'test_result_base': None}
[0.306s] INFO:colcon.colcon_core.executor:Executing jobs using 'parallel' executor
[0.307s] DEBUG:colcon.colcon_parallel_executor.executor.parallel:run_until_complete
[0.307s] INFO:colcon.colcon_ros.task.ament_cmake.build:Building ROS package in '/home/yashvant/ros2_ws/src/my_cpp_pkg' with build type 'ament_cmake'
[0.307s] INFO:colcon.colcon_cmake.task.cmake.build:Building CMake package in '/home/yashvant/ros2_ws/src/my_cpp_pkg'
[0.311s] INFO:colcon.colcon_core.plugin_system:Skipping extension 'colcon_core.shell.bat': Not used on non-Windows systems
[0.311s] INFO:colcon.colcon_core.shell:Skip shell extension 'powershell' for command environment: Not usable outside of PowerShell
[0.311s] DEBUG:colcon.colcon_core.shell:Skip shell extension 'dsv' for command environment
[0.313s] INFO:colcon.colcon_ros.task.ament_python.build:Building ROS package in '/home/yashvant/ros2_ws/src/my_python_pkg' with build type 'ament_python'
[0.313s] Level 1:colcon.colcon_core.shell:create_environment_hook('my_python_pkg', 'ament_prefix_path')
[0.313s] INFO:colcon.colcon_core.shell:Creating environment hook '/home/yashvant/ros2_ws/install/my_python_pkg/share/my_python_pkg/hook/ament_prefix_path.ps1'
[0.314s] INFO:colcon.colcon_core.shell:Creating environment descriptor '/home/yashvant/ros2_ws/install/my_python_pkg/share/my_python_pkg/hook/ament_prefix_path.dsv'
[0.314s] INFO:colcon.colcon_core.shell:Creating environment hook '/home/yashvant/ros2_ws/install/my_python_pkg/share/my_python_pkg/hook/ament_prefix_path.sh'
[0.314s] INFO:colcon.colcon_core.shell:Skip shell extension 'powershell' for command environment: Not usable outside of PowerShell
[0.314s] DEBUG:colcon.colcon_core.shell:Skip shell extension 'dsv' for command environment
[0.316s] INFO:colcon.colcon_ros.task.ament_cmake.build:Building ROS package in '/home/yashvant/ros2_ws/src/my_robot_package' with build type 'ament_cmake'
[0.316s] INFO:colcon.colcon_cmake.task.cmake.build:Building CMake package in '/home/yashvant/ros2_ws/src/my_robot_package'
[0.316s] INFO:colcon.colcon_core.shell:Skip shell extension 'powershell' for command environment: Not usable outside of PowerShell
[0.316s] DEBUG:colcon.colcon_core.shell:Skip shell extension 'dsv' for command environment
[0.318s] INFO:colcon.colcon_ros.task.ament_cmake.build:Building ROS package in '/home/yashvant/ros2_ws/src/summer_task_interfaces' with build type 'ament_cmake'
[0.318s] INFO:colcon.colcon_cmake.task.cmake.build:Building CMake package in '/home/yashvant/ros2_ws/src/summer_task_interfaces'
[0.318s] INFO:colcon.colcon_core.shell:Skip shell extension 'powershell' for command environment: Not usable outside of PowerShell
[0.318s] DEBUG:colcon.colcon_core.shell:Skip shell extension 'dsv' for command environment
[0.319s] INFO:colcon.colcon_ros.task.ament_python.build:Building ROS package in '/home/yashvant/ros2_ws/src/summer_task_pkg' with build type 'ament_python'
[0.319s] Level 1:colcon.colcon_core.shell:create_environment_hook('summer_task_pkg', 'ament_prefix_path')
[0.320s] INFO:colcon.colcon_core.shell:Creating environment hook '/home/yashvant/ros2_ws/install/summer_task_pkg/share/summer_task_pkg/hook/ament_prefix_path.ps1'
[0.320s] INFO:colcon.colcon_core.shell:Creating environment descriptor '/home/yashvant/ros2_ws/install/summer_task_pkg/share/summer_task_pkg/hook/ament_prefix_path.dsv'
[0.320s] INFO:colcon.colcon_core.shell:Creating environment hook '/home/yashvant/ros2_ws/install/summer_task_pkg/share/summer_task_pkg/hook/ament_prefix_path.sh'
[0.320s] INFO:colcon.colcon_core.shell:Skip shell extension 'powershell' for command environment: Not usable outside of PowerShell
[0.321s] DEBUG:colcon.colcon_core.shell:Skip shell extension 'dsv' for command environment
[0.324s] DEBUG:colcon.colcon_core.event_handler.log_command:Invoking command in '/home/yashvant/ros2_ws/build/my_cpp_pkg': CMAKE_PREFIX_PATH=/opt/ros/humble /usr/bin/cmake /home/yashvant/ros2_ws/src/my_cpp_pkg -DCMAKE_INSTALL_PREFIX=/home/yashvant/ros2_ws/install/my_cpp_pkg
[0.489s] INFO:colcon.colcon_core.task.python.build:Building Python package in '/home/yashvant/ros2_ws/src/my_python_pkg'
[0.489s] INFO:colcon.colcon_core.shell:Skip shell extension 'powershell' for command environment: Not usable outside of PowerShell
[0.489s] DEBUG:colcon.colcon_core.shell:Skip shell extension 'dsv' for command environment
[0.493s] DEBUG:colcon.colcon_core.event_handler.log_command:Invoking command in '/home/yashvant/ros2_ws/build/my_robot_package': CMAKE_PREFIX_PATH=/opt/ros/humble /usr/bin/cmake /home/yashvant/ros2_ws/src/my_robot_package -DCMAKE_INSTALL_PREFIX=/home/yashvant/ros2_ws/install/my_robot_package
[0.496s] DEBUG:colcon.colcon_core.event_handler.log_command:Invoking command in '/home/yashvant/ros2_ws/build/summer_task_interfaces': CMAKE_PREFIX_PATH=/opt/ros/humble /usr/bin/cmake /home/yashvant/ros2_ws/src/summer_task_interfaces -DCMAKE_INSTALL_PREFIX=/home/yashvant/ros2_ws/install/summer_task_interfaces
[0.659s] INFO:colcon.colcon_core.task.python.build:Building Python package in '/home/yashvant/ros2_ws/src/summer_task_pkg'
[0.659s] INFO:colcon.colcon_core.shell:Skip shell extension 'powershell' for command environment: Not usable outside of PowerShell
[0.659s] DEBUG:colcon.colcon_core.shell:Skip shell extension 'dsv' for command environment
[0.911s] DEBUG:colcon.colcon_core.event_handler.log_command:Invoking command in '/home/yashvant/ros2_ws/src/summer_task_pkg': PYTHONPATH=/home/yashvant/ros2_ws/build/summer_task_pkg/prefix_override:/usr/lib/python3/dist-packages/colcon_core/task/python/colcon_distutils_commands:/home/yashvant/ros2_ws/install/summer_task_pkg/lib/python3.10/site-packages:${PYTHONPATH} /usr/bin/python3 -W ignore:setup.py install is deprecated -W ignore:easy_install command is deprecated setup.py egg_info --egg-base ../../build/summer_task_pkg build --build-base /home/yashvant/ros2_ws/build/summer_task_pkg/build install --record /home/yashvant/ros2_ws/build/summer_task_pkg/install.log --single-version-externally-managed install_data
[0.913s] DEBUG:colcon.colcon_core.event_handler.log_command:Invoking command in '/home/yashvant/ros2_ws/src/my_python_pkg': PYTHONPATH=/home/yashvant/ros2_ws/build/my_python_pkg/prefix_override:/usr/lib/python3/dist-packages/colcon_core/task/python/colcon_distutils_commands:/home/yashvant/ros2_ws/install/my_python_pkg/lib/python3.10/site-packages:${PYTHONPATH} /usr/bin/python3 -W ignore:setup.py install is deprecated -W ignore:easy_install command is deprecated setup.py egg_info --egg-base ../../build/my_python_pkg build --build-base /home/yashvant/ros2_ws/build/my_python_pkg/build install --record /home/yashvant/ros2_ws/build/my_python_pkg/install.log --single-version-externally-managed install_data
[1.008s] DEBUG:colcon.colcon_core.event_handler.log_command:Invoked command in '/home/yashvant/ros2_ws/build/my_robot_package' returned '0': CMAKE_PREFIX_PATH=/opt/ros/humble /usr/bin/cmake /home/yashvant/ros2_ws/src/my_robot_package -DCMAKE_INSTALL_PREFIX=/home/yashvant/ros2_ws/install/my_robot_package
[1.010s] DEBUG:colcon.colcon_core.event_handler.log_command:Invoking command in '/home/yashvant/ros2_ws/build/my_robot_package': CMAKE_PREFIX_PATH=/opt/ros/humble /usr/bin/cmake --build /home/yashvant/ros2_ws/build/my_robot_package -- -j12 -l12
[1.042s] DEBUG:colcon.colcon_core.event_handler.log_command:Invoked command in '/home/yashvant/ros2_ws/build/my_robot_package' returned '0': CMAKE_PREFIX_PATH=/opt/ros/humble /usr/bin/cmake --build /home/yashvant/ros2_ws/build/my_robot_package -- -j12 -l12
[1.051s] DEBUG:colcon.colcon_core.event_handler.log_command:Invoking command in '/home/yashvant/ros2_ws/build/my_robot_package': CMAKE_PREFIX_PATH=/opt/ros/humble /usr/bin/cmake --install /home/yashvant/ros2_ws/build/my_robot_package
[1.064s] Level 1:colcon.colcon_core.environment:create_environment_scripts_only(my_robot_package)
[1.066s] DEBUG:colcon.colcon_core.event_handler.log_command:Invoked command in '/home/yashvant/ros2_ws/build/my_robot_package' returned '0': CMAKE_PREFIX_PATH=/opt/ros/humble /usr/bin/cmake --install /home/yashvant/ros2_ws/build/my_robot_package
[1.068s] Level 1:colcon.colcon_core.environment:checking '/home/yashvant/ros2_ws/install/my_robot_package' for CMake module files
[1.068s] Level 1:colcon.colcon_core.environment:checking '/home/yashvant/ros2_ws/install/my_robot_package' for CMake config files
[1.068s] Level 1:colcon.colcon_core.shell:create_environment_hook('my_robot_package', 'cmake_prefix_path')
[1.068s] INFO:colcon.colcon_core.shell:Creating environment hook '/home/yashvant/ros2_ws/install/my_robot_package/share/my_robot_package/hook/cmake_prefix_path.ps1'
[1.069s] INFO:colcon.colcon_core.shell:Creating environment descriptor '/home/yashvant/ros2_ws/install/my_robot_package/share/my_robot_package/hook/cmake_prefix_path.dsv'
[1.069s] INFO:colcon.colcon_core.shell:Creating environment hook '/home/yashvant/ros2_ws/install/my_robot_package/share/my_robot_package/hook/cmake_prefix_path.sh'
[1.069s] Level 1:colcon.colcon_core.environment:checking '/home/yashvant/ros2_ws/install/my_robot_package/bin'
[1.069s] Level 1:colcon.colcon_core.environment:checking '/home/yashvant/ros2_ws/install/my_robot_package/lib/pkgconfig/my_robot_package.pc'
[1.069s] Level 1:colcon.colcon_core.environment:checking '/home/yashvant/ros2_ws/install/my_robot_package/lib/python3.10/site-packages'
[1.070s] Level 1:colcon.colcon_core.environment:checking '/home/yashvant/ros2_ws/install/my_robot_package/bin'
[1.070s] INFO:colcon.colcon_core.shell:Creating package script '/home/yashvant/ros2_ws/install/my_robot_package/share/my_robot_package/package.ps1'
[1.071s] INFO:colcon.colcon_core.shell:Creating package descriptor '/home/yashvant/ros2_ws/install/my_robot_package/share/my_robot_package/package.dsv'
[1.071s] INFO:colcon.colcon_core.shell:Creating package script '/home/yashvant/ros2_ws/install/my_robot_package/share/my_robot_package/package.sh'
[1.072s] INFO:colcon.colcon_core.shell:Creating package script '/home/yashvant/ros2_ws/install/my_robot_package/share/my_robot_package/package.bash'
[1.073s] INFO:colcon.colcon_core.shell:Creating package script '/home/yashvant/ros2_ws/install/my_robot_package/share/my_robot_package/package.zsh'
[1.074s] Level 1:colcon.colcon_core.environment:create_file_with_runtime_dependencies(/home/yashvant/ros2_ws/install/my_robot_package/share/colcon-core/packages/my_robot_package)
[1.074s] Level 1:colcon.colcon_core.environment:create_environment_scripts_only(my_robot_package)
[1.075s] Level 1:colcon.colcon_core.environment:checking '/home/yashvant/ros2_ws/install/my_robot_package' for CMake module files
[1.075s] Level 1:colcon.colcon_core.environment:checking '/home/yashvant/ros2_ws/install/my_robot_package' for CMake config files
[1.076s] Level 1:colcon.colcon_core.shell:create_environment_hook('my_robot_package', 'cmake_prefix_path')
[1.076s] INFO:colcon.colcon_core.shell:Creating environment hook '/home/yashvant/ros2_ws/install/my_robot_package/share/my_robot_package/hook/cmake_prefix_path.ps1'
[1.077s] INFO:colcon.colcon_core.shell:Creating environment descriptor '/home/yashvant/ros2_ws/install/my_robot_package/share/my_robot_package/hook/cmake_prefix_path.dsv'
[1.078s] INFO:colcon.colcon_core.shell:Creating environment hook '/home/yashvant/ros2_ws/install/my_robot_package/share/my_robot_package/hook/cmake_prefix_path.sh'
[1.081s] Level 1:colcon.colcon_core.environment:checking '/home/yashvant/ros2_ws/install/my_robot_package/bin'
[1.082s] Level 1:colcon.colcon_core.environment:checking '/home/yashvant/ros2_ws/install/my_robot_package/lib/pkgconfig/my_robot_package.pc'
[1.082s] Level 1:colcon.colcon_core.environment:checking '/home/yashvant/ros2_ws/install/my_robot_package/lib/python3.10/site-packages'
[1.083s] Level 1:colcon.colcon_core.environment:checking '/home/yashvant/ros2_ws/install/my_robot_package/bin'
[1.084s] INFO:colcon.colcon_core.shell:Creating package script '/home/yashvant/ros2_ws/install/my_robot_package/share/my_robot_package/package.ps1'
[1.084s] INFO:colcon.colcon_core.shell:Creating package descriptor '/home/yashvant/ros2_ws/install/my_robot_package/share/my_robot_package/package.dsv'
[1.085s] INFO:colcon.colcon_core.shell:Creating package script '/home/yashvant/ros2_ws/install/my_robot_package/share/my_robot_package/package.sh'
[1.086s] INFO:colcon.colcon_core.shell:Creating package script '/home/yashvant/ros2_ws/install/my_robot_package/share/my_robot_package/package.bash'
[1.086s] INFO:colcon.colcon_core.shell:Creating package script '/home/yashvant/ros2_ws/install/my_robot_package/share/my_robot_package/package.zsh'
[1.087s] Level 1:colcon.colcon_core.environment:create_file_with_runtime_dependencies(/home/yashvant/ros2_ws/install/my_robot_package/share/colcon-core/packages/my_robot_package)
[1.102s] Level 1:colcon.colcon_core.environment:checking '/home/yashvant/ros2_ws/install/summer_task_pkg' for CMake module files
[1.103s] DEBUG:colcon.colcon_core.event_handler.log_command:Invoked command in '/home/yashvant/ros2_ws/src/summer_task_pkg' returned '0': PYTHONPATH=/home/yashvant/ros2_ws/build/summer_task_pkg/prefix_override:/usr/lib/python3/dist-packages/colcon_core/task/python/colcon_distutils_commands:/home/yashvant/ros2_ws/install/summer_task_pkg/lib/python3.10/site-packages:${PYTHONPATH} /usr/bin/python3 -W ignore:setup.py install is deprecated -W ignore:easy_install command is deprecated setup.py egg_info --egg-base ../../build/summer_task_pkg build --build-base /home/yashvant/ros2_ws/build/summer_task_pkg/build install --record /home/yashvant/ros2_ws/build/summer_task_pkg/install.log --single-version-externally-managed install_data
[1.104s] Level 1:colcon.colcon_core.environment:checking '/home/yashvant/ros2_ws/install/summer_task_pkg' for CMake config files
[1.104s] Level 1:colcon.colcon_core.environment:checking '/home/yashvant/ros2_ws/install/summer_task_pkg/lib'
[1.105s] Level 1:colcon.colcon_core.environment:checking '/home/yashvant/ros2_ws/install/summer_task_pkg/bin'
[1.105s] Level 1:colcon.colcon_core.environment:checking '/home/yashvant/ros2_ws/install/summer_task_pkg/lib/pkgconfig/summer_task_pkg.pc'
[1.105s] Level 1:colcon.colcon_core.environment:checking '/home/yashvant/ros2_ws/install/summer_task_pkg/lib/python3.10/site-packages'
[1.105s] Level 1:colcon.colcon_core.shell:create_environment_hook('summer_task_pkg', 'pythonpath')
[1.105s] INFO:colcon.colcon_core.shell:Creating environment hook '/home/yashvant/ros2_ws/install/summer_task_pkg/share/summer_task_pkg/hook/pythonpath.ps1'
[1.106s] INFO:colcon.colcon_core.shell:Creating environment descriptor '/home/yashvant/ros2_ws/install/summer_task_pkg/share/summer_task_pkg/hook/pythonpath.dsv'
[1.106s] INFO:colcon.colcon_core.shell:Creating environment hook '/home/yashvant/ros2_ws/install/summer_task_pkg/share/summer_task_pkg/hook/pythonpath.sh'
[1.107s] Level 1:colcon.colcon_core.environment:checking '/home/yashvant/ros2_ws/install/summer_task_pkg/bin'
[1.107s] Level 1:colcon.colcon_core.environment:create_environment_scripts_only(summer_task_pkg)
[1.108s] INFO:colcon.colcon_core.shell:Creating package script '/home/yashvant/ros2_ws/install/summer_task_pkg/share/summer_task_pkg/package.ps1'
[1.109s] INFO:colcon.colcon_core.shell:Creating package descriptor '/home/yashvant/ros2_ws/install/summer_task_pkg/share/summer_task_pkg/package.dsv'
[1.110s] INFO:colcon.colcon_core.shell:Creating package script '/home/yashvant/ros2_ws/install/summer_task_pkg/share/summer_task_pkg/package.sh'
[1.110s] INFO:colcon.colcon_core.shell:Creating package script '/home/yashvant/ros2_ws/install/summer_task_pkg/share/summer_task_pkg/package.bash'
[1.111s] INFO:colcon.colcon_core.shell:Creating package script '/home/yashvant/ros2_ws/install/summer_task_pkg/share/summer_task_pkg/package.zsh'
[1.111s] Level 1:colcon.colcon_core.environment:create_file_with_runtime_dependencies(/home/yashvant/ros2_ws/install/summer_task_pkg/share/colcon-core/packages/summer_task_pkg)
[1.125s] Level 1:colcon.colcon_core.environment:checking '/home/yashvant/ros2_ws/install/my_python_pkg' for CMake module files
[1.125s] DEBUG:colcon.colcon_core.event_handler.log_command:Invoked command in '/home/yashvant/ros2_ws/src/my_python_pkg' returned '0': PYTHONPATH=/home/yashvant/ros2_ws/build/my_python_pkg/prefix_override:/usr/lib/python3/dist-packages/colcon_core/task/python/colcon_distutils_commands:/home/yashvant/ros2_ws/install/my_python_pkg/lib/python3.10/site-packages:${PYTHONPATH} /usr/bin/python3 -W ignore:setup.py install is deprecated -W ignore:easy_install command is deprecated setup.py egg_info --egg-base ../../build/my_python_pkg build --build-base /home/yashvant/ros2_ws/build/my_python_pkg/build install --record /home/yashvant/ros2_ws/build/my_python_pkg/install.log --single-version-externally-managed install_data
[1.125s] Level 1:colcon.colcon_core.environment:checking '/home/yashvant/ros2_ws/install/my_python_pkg' for CMake config files
[1.126s] Level 1:colcon.colcon_core.environment:checking '/home/yashvant/ros2_ws/install/my_python_pkg/lib'
[1.126s] Level 1:colcon.colcon_core.environment:checking '/home/yashvant/ros2_ws/install/my_python_pkg/bin'
[1.126s] Level 1:colcon.colcon_core.environment:checking '/home/yashvant/ros2_ws/install/my_python_pkg/lib/pkgconfig/my_python_pkg.pc'
[1.126s] Level 1:colcon.colcon_core.environment:checking '/home/yashvant/ros2_ws/install/my_python_pkg/lib/python3.10/site-packages'
[1.126s] Level 1:colcon.colcon_core.shell:create_environment_hook('my_python_pkg', 'pythonpath')
[1.126s] INFO:colcon.colcon_core.shell:Creating environment hook '/home/yashvant/ros2_ws/install/my_python_pkg/share/my_python_pkg/hook/pythonpath.ps1'
[1.127s] INFO:colcon.colcon_core.shell:Creating environment descriptor '/home/yashvant/ros2_ws/install/my_python_pkg/share/my_python_pkg/hook/pythonpath.dsv'
[1.127s] INFO:colcon.colcon_core.shell:Creating environment hook '/home/yashvant/ros2_ws/install/my_python_pkg/share/my_python_pkg/hook/pythonpath.sh'
[1.127s] Level 1:colcon.colcon_core.environment:checking '/home/yashvant/ros2_ws/install/my_python_pkg/bin'
[1.127s] Level 1:colcon.colcon_core.environment:create_environment_scripts_only(my_python_pkg)
[1.127s] INFO:colcon.colcon_core.shell:Creating package script '/home/yashvant/ros2_ws/install/my_python_pkg/share/my_python_pkg/package.ps1'
[1.128s] INFO:colcon.colcon_core.shell:Creating package descriptor '/home/yashvant/ros2_ws/install/my_python_pkg/share/my_python_pkg/package.dsv'
[1.128s] INFO:colcon.colcon_core.shell:Creating package script '/home/yashvant/ros2_ws/install/my_python_pkg/share/my_python_pkg/package.sh'
[1.128s] INFO:colcon.colcon_core.shell:Creating package script '/home/yashvant/ros2_ws/install/my_python_pkg/share/my_python_pkg/package.bash'
[1.128s] INFO:colcon.colcon_core.shell:Creating package script '/home/yashvant/ros2_ws/install/my_python_pkg/share/my_python_pkg/package.zsh'
[1.129s] Level 1:colcon.colcon_core.environment:create_file_with_runtime_dependencies(/home/yashvant/ros2_ws/install/my_python_pkg/share/colcon-core/packages/my_python_pkg)
[1.492s] DEBUG:colcon.colcon_core.event_handler.log_command:Invoked command in '/home/yashvant/ros2_ws/build/my_cpp_pkg' returned '0': CMAKE_PREFIX_PATH=/opt/ros/humble /usr/bin/cmake /home/yashvant/ros2_ws/src/my_cpp_pkg -DCMAKE_INSTALL_PREFIX=/home/yashvant/ros2_ws/install/my_cpp_pkg
[1.493s] DEBUG:colcon.colcon_core.event_handler.log_command:Invoking command in '/home/yashvant/ros2_ws/build/my_cpp_pkg': CMAKE_PREFIX_PATH=/opt/ros/humble /usr/bin/cmake --build /home/yashvant/ros2_ws/build/my_cpp_pkg -- -j12 -l12
[1.829s] DEBUG:colcon.colcon_core.event_handler.log_command:Invoked command in '/home/yashvant/ros2_ws/build/summer_task_interfaces' returned '0': CMAKE_PREFIX_PATH=/opt/ros/humble /usr/bin/cmake /home/yashvant/ros2_ws/src/summer_task_interfaces -DCMAKE_INSTALL_PREFIX=/home/yashvant/ros2_ws/install/summer_task_interfaces
[1.830s] DEBUG:colcon.colcon_core.event_handler.log_command:Invoking command in '/home/yashvant/ros2_ws/build/summer_task_interfaces': CMAKE_PREFIX_PATH=/opt/ros/humble /usr/bin/cmake --build /home/yashvant/ros2_ws/build/summer_task_interfaces -- -j12 -l12
[4.220s] DEBUG:colcon.colcon_core.event_handler.log_command:Invoked command in '/home/yashvant/ros2_ws/build/summer_task_interfaces' returned '0': CMAKE_PREFIX_PATH=/opt/ros/humble /usr/bin/cmake --build /home/yashvant/ros2_ws/build/summer_task_interfaces -- -j12 -l12
[4.222s] DEBUG:colcon.colcon_core.event_handler.log_command:Invoking command in '/home/yashvant/ros2_ws/build/summer_task_interfaces': CMAKE_PREFIX_PATH=/opt/ros/humble /usr/bin/cmake --install /home/yashvant/ros2_ws/build/summer_task_interfaces
[4.273s] Level 1:colcon.colcon_core.environment:create_environment_scripts_only(summer_task_interfaces)
[4.273s] DEBUG:colcon.colcon_core.event_handler.log_command:Invoked command in '/home/yashvant/ros2_ws/build/summer_task_interfaces' returned '0': CMAKE_PREFIX_PATH=/opt/ros/humble /usr/bin/cmake --install /home/yashvant/ros2_ws/build/summer_task_interfaces
[4.273s] Level 1:colcon.colcon_core.environment:checking '/home/yashvant/ros2_ws/install/summer_task_interfaces' for CMake module files
[4.274s] Level 1:colcon.colcon_core.environment:checking '/home/yashvant/ros2_ws/install/summer_task_interfaces' for CMake config files
[4.275s] Level 1:colcon.colcon_core.shell:create_environment_hook('summer_task_interfaces', 'cmake_prefix_path')
[4.276s] INFO:colcon.colcon_core.shell:Creating environment hook '/home/yashvant/ros2_ws/install/summer_task_interfaces/share/summer_task_interfaces/hook/cmake_prefix_path.ps1'
[4.276s] INFO:colcon.colcon_core.shell:Creating environment descriptor '/home/yashvant/ros2_ws/install/summer_task_interfaces/share/summer_task_interfaces/hook/cmake_prefix_path.dsv'
[4.277s] INFO:colcon.colcon_core.shell:Creating environment hook '/home/yashvant/ros2_ws/install/summer_task_interfaces/share/summer_task_interfaces/hook/cmake_prefix_path.sh'
[4.277s] Level 1:colcon.colcon_core.environment:checking '/home/yashvant/ros2_ws/install/summer_task_interfaces/lib'
[4.277s] Level 1:colcon.colcon_core.shell:create_environment_hook('summer_task_interfaces', 'ld_library_path_lib')
[4.278s] INFO:colcon.colcon_core.shell:Creating environment hook '/home/yashvant/ros2_ws/install/summer_task_interfaces/share/summer_task_interfaces/hook/ld_library_path_lib.ps1'
[4.278s] INFO:colcon.colcon_core.shell:Creating environment descriptor '/home/yashvant/ros2_ws/install/summer_task_interfaces/share/summer_task_interfaces/hook/ld_library_path_lib.dsv'
[4.279s] INFO:colcon.colcon_core.shell:Creating environment hook '/home/yashvant/ros2_ws/install/summer_task_interfaces/share/summer_task_interfaces/hook/ld_library_path_lib.sh'
[4.279s] Level 1:colcon.colcon_core.environment:checking '/home/yashvant/ros2_ws/install/summer_task_interfaces/bin'
[4.279s] Level 1:colcon.colcon_core.environment:checking '/home/yashvant/ros2_ws/install/summer_task_interfaces/lib/pkgconfig/summer_task_interfaces.pc'
[4.279s] Level 1:colcon.colcon_core.environment:checking '/home/yashvant/ros2_ws/install/summer_task_interfaces/lib/python3.10/site-packages'
[4.280s] Level 1:colcon.colcon_core.environment:checking '/home/yashvant/ros2_ws/install/summer_task_interfaces/bin'
[4.280s] INFO:colcon.colcon_core.shell:Creating package script '/home/yashvant/ros2_ws/install/summer_task_interfaces/share/summer_task_interfaces/package.ps1'
[4.281s] INFO:colcon.colcon_core.shell:Creating package descriptor '/home/yashvant/ros2_ws/install/summer_task_interfaces/share/summer_task_interfaces/package.dsv'
[4.281s] INFO:colcon.colcon_core.shell:Creating package script '/home/yashvant/ros2_ws/install/summer_task_interfaces/share/summer_task_interfaces/package.sh'
[4.282s] INFO:colcon.colcon_core.shell:Creating package script '/home/yashvant/ros2_ws/install/summer_task_interfaces/share/summer_task_interfaces/package.bash'
[4.282s] INFO:colcon.colcon_core.shell:Creating package script '/home/yashvant/ros2_ws/install/summer_task_interfaces/share/summer_task_interfaces/package.zsh'
[4.282s] Level 1:colcon.colcon_core.environment:create_file_with_runtime_dependencies(/home/yashvant/ros2_ws/install/summer_task_interfaces/share/colcon-core/packages/summer_task_interfaces)
[4.283s] Level 1:colcon.colcon_core.environment:create_environment_scripts_only(summer_task_interfaces)
[4.283s] Level 1:colcon.colcon_core.environment:checking '/home/yashvant/ros2_ws/install/summer_task_interfaces' for CMake module files
[4.283s] Level 1:colcon.colcon_core.environment:checking '/home/yashvant/ros2_ws/install/summer_task_interfaces' for CMake config files
[4.284s] Level 1:colcon.colcon_core.shell:create_environment_hook('summer_task_interfaces', 'cmake_prefix_path')
[4.284s] INFO:colcon.colcon_core.shell:Creating environment hook '/home/yashvant/ros2_ws/install/summer_task_interfaces/share/summer_task_interfaces/hook/cmake_prefix_path.ps1'
[4.284s] INFO:colcon.colcon_core.shell:Creating environment descriptor '/home/yashvant/ros2_ws/install/summer_task_interfaces/share/summer_task_interfaces/hook/cmake_prefix_path.dsv'
[4.284s] INFO:colcon.colcon_core.shell:Creating environment hook '/home/yashvant/ros2_ws/install/summer_task_interfaces/share/summer_task_interfaces/hook/cmake_prefix_path.sh'
[4.285s] Level 1:colcon.colcon_core.environment:checking '/home/yashvant/ros2_ws/install/summer_task_interfaces/lib'
[4.285s] Level 1:colcon.colcon_core.shell:create_environment_hook('summer_task_interfaces', 'ld_library_path_lib')
[4.285s] INFO:colcon.colcon_core.shell:Creating environment hook '/home/yashvant/ros2_ws/install/summer_task_interfaces/share/summer_task_interfaces/hook/ld_library_path_lib.ps1'
[4.285s] INFO:colcon.colcon_core.shell:Creating environment descriptor '/home/yashvant/ros2_ws/install/summer_task_interfaces/share/summer_task_interfaces/hook/ld_library_path_lib.dsv'
[4.285s] INFO:colcon.colcon_core.shell:Creating environment hook '/home/yashvant/ros2_ws/install/summer_task_interfaces/share/summer_task_interfaces/hook/ld_library_path_lib.sh'
[4.285s] Level 1:colcon.colcon_core.environment:checking '/home/yashvant/ros2_ws/install/summer_task_interfaces/bin'
[4.285s] Level 1:colcon.colcon_core.environment:checking '/home/yashvant/ros2_ws/install/summer_task_interfaces/lib/pkgconfig/summer_task_interfaces.pc'
[4.286s] Level 1:colcon.colcon_core.environment:checking '/home/yashvant/ros2_ws/install/summer_task_interfaces/lib/python3.10/site-packages'
[4.286s] Level 1:colcon.colcon_core.environment:checking '/home/yashvant/ros2_ws/install/summer_task_interfaces/bin'
[4.286s] INFO:colcon.colcon_core.shell:Creating package script '/home/yashvant/ros2_ws/install/summer_task_interfaces/share/summer_task_interfaces/package.ps1'
[4.286s] INFO:colcon.colcon_core.shell:Creating package descriptor '/home/yashvant/ros2_ws/install/summer_task_interfaces/share/summer_task_interfaces/package.dsv'
[4.287s] INFO:colcon.colcon_core.shell:Creating package script '/home/yashvant/ros2_ws/install/summer_task_interfaces/share/summer_task_interfaces/package.sh'
[4.287s] INFO:colcon.colcon_core.shell:Creating package script '/home/yashvant/ros2_ws/install/summer_task_interfaces/share/summer_task_interfaces/package.bash'
[4.287s] INFO:colcon.colcon_core.shell:Creating package script '/home/yashvant/ros2_ws/install/summer_task_interfaces/share/summer_task_interfaces/package.zsh'
[4.287s] Level 1:colcon.colcon_core.environment:create_file_with_runtime_dependencies(/home/yashvant/ros2_ws/install/summer_task_interfaces/share/colcon-core/packages/summer_task_interfaces)
[7.600s] DEBUG:colcon.colcon_core.event_handler.log_command:Invoked command in '/home/yashvant/ros2_ws/build/my_cpp_pkg' returned '0': CMAKE_PREFIX_PATH=/opt/ros/humble /usr/bin/cmake --build /home/yashvant/ros2_ws/build/my_cpp_pkg -- -j12 -l12
[7.602s] DEBUG:colcon.colcon_core.event_handler.log_command:Invoking command in '/home/yashvant/ros2_ws/build/my_cpp_pkg': CMAKE_PREFIX_PATH=/opt/ros/humble /usr/bin/cmake --install /home/yashvant/ros2_ws/build/my_cpp_pkg
[7.617s] Level 1:colcon.colcon_core.environment:create_environment_scripts_only(my_cpp_pkg)
[7.617s] Level 1:colcon.colcon_core.environment:checking '/home/yashvant/ros2_ws/install/my_cpp_pkg' for CMake module files
[7.618s] DEBUG:colcon.colcon_core.event_handler.log_command:Invoked command in '/home/yashvant/ros2_ws/build/my_cpp_pkg' returned '0': CMAKE_PREFIX_PATH=/opt/ros/humble /usr/bin/cmake --install /home/yashvant/ros2_ws/build/my_cpp_pkg
[7.618s] Level 1:colcon.colcon_core.environment:checking '/home/yashvant/ros2_ws/install/my_cpp_pkg' for CMake config files
[7.618s] Level 1:colcon.colcon_core.shell:create_environment_hook('my_cpp_pkg', 'cmake_prefix_path')
[7.619s] INFO:colcon.colcon_core.shell:Creating environment hook '/home/yashvant/ros2_ws/install/my_cpp_pkg/share/my_cpp_pkg/hook/cmake_prefix_path.ps1'
[7.619s] INFO:colcon.colcon_core.shell:Creating environment descriptor '/home/yashvant/ros2_ws/install/my_cpp_pkg/share/my_cpp_pkg/hook/cmake_prefix_path.dsv'
[7.619s] INFO:colcon.colcon_core.shell:Creating environment hook '/home/yashvant/ros2_ws/install/my_cpp_pkg/share/my_cpp_pkg/hook/cmake_prefix_path.sh'
[7.620s] Level 1:colcon.colcon_core.environment:checking '/home/yashvant/ros2_ws/install/my_cpp_pkg/lib'
[7.620s] Level 1:colcon.colcon_core.environment:checking '/home/yashvant/ros2_ws/install/my_cpp_pkg/bin'
[7.620s] Level 1:colcon.colcon_core.environment:checking '/home/yashvant/ros2_ws/install/my_cpp_pkg/lib/pkgconfig/my_cpp_pkg.pc'
[7.620s] Level 1:colcon.colcon_core.environment:checking '/home/yashvant/ros2_ws/install/my_cpp_pkg/lib/python3.10/site-packages'
[7.621s] Level 1:colcon.colcon_core.environment:checking '/home/yashvant/ros2_ws/install/my_cpp_pkg/bin'
[7.621s] INFO:colcon.colcon_core.shell:Creating package script '/home/yashvant/ros2_ws/install/my_cpp_pkg/share/my_cpp_pkg/package.ps1'
[7.622s] INFO:colcon.colcon_core.shell:Creating package descriptor '/home/yashvant/ros2_ws/install/my_cpp_pkg/share/my_cpp_pkg/package.dsv'
[7.622s] INFO:colcon.colcon_core.shell:Creating package script '/home/yashvant/ros2_ws/install/my_cpp_pkg/share/my_cpp_pkg/package.sh'
[7.623s] INFO:colcon.colcon_core.shell:Creating package script '/home/yashvant/ros2_ws/install/my_cpp_pkg/share/my_cpp_pkg/package.bash'
[7.623s] INFO:colcon.colcon_core.shell:Creating package script '/home/yashvant/ros2_ws/install/my_cpp_pkg/share/my_cpp_pkg/package.zsh'
[7.623s] Level 1:colcon.colcon_core.environment:create_file_with_runtime_dependencies(/home/yashvant/ros2_ws/install/my_cpp_pkg/share/colcon-core/packages/my_cpp_pkg)
[7.624s] Level 1:colcon.colcon_core.environment:create_environment_scripts_only(my_cpp_pkg)
[7.625s] Level 1:colcon.colcon_core.environment:checking '/home/yashvant/ros2_ws/install/my_cpp_pkg' for CMake module files
[7.625s] Level 1:colcon.colcon_core.environment:checking '/home/yashvant/ros2_ws/install/my_cpp_pkg' for CMake config files
[7.625s] Level 1:colcon.colcon_core.shell:create_environment_hook('my_cpp_pkg', 'cmake_prefix_path')
[7.625s] INFO:colcon.colcon_core.shell:Creating environment hook '/home/yashvant/ros2_ws/install/my_cpp_pkg/share/my_cpp_pkg/hook/cmake_prefix_path.ps1'
[7.626s] INFO:colcon.colcon_core.shell:Creating environment descriptor '/home/yashvant/ros2_ws/install/my_cpp_pkg/share/my_cpp_pkg/hook/cmake_prefix_path.dsv'
[7.626s] INFO:colcon.colcon_core.shell:Creating environment hook '/home/yashvant/ros2_ws/install/my_cpp_pkg/share/my_cpp_pkg/hook/cmake_prefix_path.sh'
[7.627s] Level 1:colcon.colcon_core.environment:checking '/home/yashvant/ros2_ws/install/my_cpp_pkg/lib'
[7.627s] Level 1:colcon.colcon_core.environment:checking '/home/yashvant/ros2_ws/install/my_cpp_pkg/bin'
[7.627s] Level 1:colcon.colcon_core.environment:checking '/home/yashvant/ros2_ws/install/my_cpp_pkg/lib/pkgconfig/my_cpp_pkg.pc'
[7.627s] Level 1:colcon.colcon_core.environment:checking '/home/yashvant/ros2_ws/install/my_cpp_pkg/lib/python3.10/site-packages'
[7.628s] Level 1:colcon.colcon_core.environment:checking '/home/yashvant/ros2_ws/install/my_cpp_pkg/bin'
[7.628s] INFO:colcon.colcon_core.shell:Creating package script '/home/yashvant/ros2_ws/install/my_cpp_pkg/share/my_cpp_pkg/package.ps1'
[7.629s] INFO:colcon.colcon_core.shell:Creating package descriptor '/home/yashvant/ros2_ws/install/my_cpp_pkg/share/my_cpp_pkg/package.dsv'
[7.629s] INFO:colcon.colcon_core.shell:Creating package script '/home/yashvant/ros2_ws/install/my_cpp_pkg/share/my_cpp_pkg/package.sh'
[7.630s] INFO:colcon.colcon_core.shell:Creating package script '/home/yashvant/ros2_ws/install/my_cpp_pkg/share/my_cpp_pkg/package.bash'
[7.630s] INFO:colcon.colcon_core.shell:Creating package script '/home/yashvant/ros2_ws/install/my_cpp_pkg/share/my_cpp_pkg/package.zsh'
[7.631s] Level 1:colcon.colcon_core.environment:create_file_with_runtime_dependencies(/home/yashvant/ros2_ws/install/my_cpp_pkg/share/colcon-core/packages/my_cpp_pkg)
[7.631s] DEBUG:colcon.colcon_parallel_executor.executor.parallel:closing loop
[7.631s] DEBUG:colcon.colcon_parallel_executor.executor.parallel:loop closed
[7.631s] DEBUG:colcon.colcon_parallel_executor.executor.parallel:run_until_complete finished with '0'
[7.631s] DEBUG:colcon.colcon_core.event_reactor:joining thread
[7.639s] INFO:colcon.colcon_core.plugin_system:Skipping extension 'colcon_notification.desktop_notification.terminal_notifier': Not used on non-Darwin systems
[7.639s] INFO:colcon.colcon_core.plugin_system:Skipping extension 'colcon_notification.desktop_notification.win32': Not used on non-Windows systems
[7.639s] INFO:colcon.colcon_notification.desktop_notification:Sending desktop notification using 'notify2'
[7.659s] DEBUG:colcon.colcon_core.event_reactor:joined thread
[7.659s] INFO:colcon.colcon_core.shell:Creating prefix script '/home/yashvant/ros2_ws/install/local_setup.ps1'
[7.661s] INFO:colcon.colcon_core.shell:Creating prefix util module '/home/yashvant/ros2_ws/install/_local_setup_util_ps1.py'
[7.663s] INFO:colcon.colcon_core.shell:Creating prefix chain script '/home/yashvant/ros2_ws/install/setup.ps1'
[7.664s] INFO:colcon.colcon_core.shell:Creating prefix script '/home/yashvant/ros2_ws/install/local_setup.sh'
[7.665s] INFO:colcon.colcon_core.shell:Creating prefix util module '/home/yashvant/ros2_ws/install/_local_setup_util_sh.py'
[7.666s] INFO:colcon.colcon_core.shell:Creating prefix chain script '/home/yashvant/ros2_ws/install/setup.sh'
[7.667s] INFO:colcon.colcon_core.shell:Creating prefix script '/home/yashvant/ros2_ws/install/local_setup.bash'
[7.667s] INFO:colcon.colcon_core.shell:Creating prefix chain script '/home/yashvant/ros2_ws/install/setup.bash'
[7.668s] INFO:colcon.colcon_core.shell:Creating prefix script '/home/yashvant/ros2_ws/install/local_setup.zsh'
[7.669s] INFO:colcon.colcon_core.shell:Creating prefix chain script '/home/yashvant/ros2_ws/install/setup.zsh'
