[0.177s] Invoking command in '/home/yashvant/ros2_ws/build/my_robot_package': CMAKE_PREFIX_PATH=/opt/ros/humble /usr/bin/cmake /home/yashvant/ros2_ws/src/my_robot_package -DCMAKE_INSTALL_PREFIX=/home/yashvant/ros2_ws/install/my_robot_package
[0.220s] -- The C compiler identification is GNU 11.4.0
[0.263s] -- The CXX compiler identification is GNU 11.4.0
[0.272s] -- Detecting C compiler ABI info
[0.325s] -- Detecting C compiler ABI info - done
[0.331s] -- Check for working C compiler: /usr/bin/cc - skipped
[0.332s] -- Detecting C compile features
[0.332s] -- Detecting C compile features - done
[0.334s] -- Detecting CXX compiler ABI info
[0.402s] -- Detecting CXX compiler ABI info - done
[0.410s] -- Check for working CXX compiler: /usr/bin/c++ - skipped
[0.410s] -- Detecting CXX compile features
[0.410s] -- Detecting CXX compile features - done
[0.411s] -- Found ament_cmake: 1.3.14 (/opt/ros/humble/share/ament_cmake/cmake)
[0.537s] -- Found Python3: /usr/bin/python3 (found version "3.10.12") found components: Interpreter 
[0.625s] -- Found ament_lint_auto: 0.12.15 (/opt/ros/humble/share/ament_lint_auto/cmake)
[0.684s] -- Added test 'flake8' to check Python code syntax and style conventions
[0.684s] -- Added test 'lint_cmake' to check CMake code style
[0.684s] -- Added test 'pep257' to check Python code against some of the docstring style conventions in PEP 257
[0.685s] -- Added test 'xmllint' to check XML markup files
[0.686s] -- Configuring done
[0.687s] -- Generating done
[0.689s] -- Build files have been written to: /home/yashvant/ros2_ws/build/my_robot_package
[0.692s] Invoked command in '/home/yashvant/ros2_ws/build/my_robot_package' returned '0': CMAKE_PREFIX_PATH=/opt/ros/humble /usr/bin/cmake /home/yashvant/ros2_ws/src/my_robot_package -DCMAKE_INSTALL_PREFIX=/home/yashvant/ros2_ws/install/my_robot_package
[0.694s] Invoking command in '/home/yashvant/ros2_ws/build/my_robot_package': CMAKE_PREFIX_PATH=/opt/ros/humble /usr/bin/cmake --build /home/yashvant/ros2_ws/build/my_robot_package -- -j12 -l12
[0.726s] Invoked command in '/home/yashvant/ros2_ws/build/my_robot_package' returned '0': CMAKE_PREFIX_PATH=/opt/ros/humble /usr/bin/cmake --build /home/yashvant/ros2_ws/build/my_robot_package -- -j12 -l12
[0.734s] Invoking command in '/home/yashvant/ros2_ws/build/my_robot_package': CMAKE_PREFIX_PATH=/opt/ros/humble /usr/bin/cmake --install /home/yashvant/ros2_ws/build/my_robot_package
[0.743s] -- Install configuration: ""
[0.743s] -- Installing: /home/yashvant/ros2_ws/install/my_robot_package/share/my_robot_package/launch
[0.743s] -- Installing: /home/yashvant/ros2_ws/install/my_robot_package/share/my_robot_package/launch/launch_sim.launch.py
[0.744s] -- Installing: /home/yashvant/ros2_ws/install/my_robot_package/share/my_robot_package/description
[0.744s] -- Installing: /home/yashvant/ros2_ws/install/my_robot_package/share/my_robot_package/description/robot.urdf.xacro
[0.744s] -- Installing: /home/yashvant/ros2_ws/install/my_robot_package/share/my_robot_package/worlds
[0.744s] -- Installing: /home/yashvant/ros2_ws/install/my_robot_package/share/my_robot_package/worlds/world.sdf
[0.745s] -- Installing: /home/yashvant/ros2_ws/install/my_robot_package/share/my_robot_package/rviz
[0.745s] -- Installing: /home/yashvant/ros2_ws/install/my_robot_package/share/ament_index/resource_index/package_run_dependencies/my_robot_package
[0.745s] -- Installing: /home/yashvant/ros2_ws/install/my_robot_package/share/ament_index/resource_index/parent_prefix_path/my_robot_package
[0.745s] -- Installing: /home/yashvant/ros2_ws/install/my_robot_package/share/my_robot_package/environment/ament_prefix_path.sh
[0.745s] -- Installing: /home/yashvant/ros2_ws/install/my_robot_package/share/my_robot_package/environment/ament_prefix_path.dsv
[0.745s] -- Installing: /home/yashvant/ros2_ws/install/my_robot_package/share/my_robot_package/environment/path.sh
[0.745s] -- Installing: /home/yashvant/ros2_ws/install/my_robot_package/share/my_robot_package/environment/path.dsv
[0.746s] -- Installing: /home/yashvant/ros2_ws/install/my_robot_package/share/my_robot_package/local_setup.bash
[0.746s] -- Installing: /home/yashvant/ros2_ws/install/my_robot_package/share/my_robot_package/local_setup.sh
[0.746s] -- Installing: /home/yashvant/ros2_ws/install/my_robot_package/share/my_robot_package/local_setup.zsh
[0.746s] -- Installing: /home/yashvant/ros2_ws/install/my_robot_package/share/my_robot_package/local_setup.dsv
[0.746s] -- Installing: /home/yashvant/ros2_ws/install/my_robot_package/share/my_robot_package/package.dsv
[0.746s] -- Installing: /home/yashvant/ros2_ws/install/my_robot_package/share/ament_index/resource_index/packages/my_robot_package
[0.746s] -- Installing: /home/yashvant/ros2_ws/install/my_robot_package/share/my_robot_package/cmake/my_robot_packageConfig.cmake
[0.747s] -- Installing: /home/yashvant/ros2_ws/install/my_robot_package/share/my_robot_package/cmake/my_robot_packageConfig-version.cmake
[0.747s] -- Installing: /home/yashvant/ros2_ws/install/my_robot_package/share/my_robot_package/package.xml
[0.749s] Invoked command in '/home/yashvant/ros2_ws/build/my_robot_package' returned '0': CMAKE_PREFIX_PATH=/opt/ros/humble /usr/bin/cmake --install /home/yashvant/ros2_ws/build/my_robot_package
