/home/yashvant/ros2_ws/install/summer_task_pkg/lib/python3.10/site-packages/summer_task_pkg/circle_patrol_server.py
/home/yashvant/ros2_ws/install/summer_task_pkg/lib/python3.10/site-packages/summer_task_pkg/__init__.py
/home/yashvant/ros2_ws/install/summer_task_pkg/lib/python3.10/site-packages/summer_task_pkg/circle_patrol_client.py
/home/yashvant/ros2_ws/install/summer_task_pkg/lib/python3.10/site-packages/summer_task_pkg/collision_avoidance_node.py
/home/yashvant/ros2_ws/install/summer_task_pkg/lib/python3.10/site-packages/summer_task_pkg/__pycache__/circle_patrol_server.cpython-310.pyc
/home/yashvant/ros2_ws/install/summer_task_pkg/lib/python3.10/site-packages/summer_task_pkg/__pycache__/__init__.cpython-310.pyc
/home/yashvant/ros2_ws/install/summer_task_pkg/lib/python3.10/site-packages/summer_task_pkg/__pycache__/circle_patrol_client.cpython-310.pyc
/home/yashvant/ros2_ws/install/summer_task_pkg/lib/python3.10/site-packages/summer_task_pkg/__pycache__/collision_avoidance_node.cpython-310.pyc
/home/yashvant/ros2_ws/install/summer_task_pkg/share/ament_index/resource_index/packages/summer_task_pkg
/home/yashvant/ros2_ws/install/summer_task_pkg/share/summer_task_pkg/package.xml
/home/yashvant/ros2_ws/install/summer_task_pkg/share/summer_task_pkg/launch/avoidance_launch.py
/home/yashvant/ros2_ws/install/summer_task_pkg/lib/python3.10/site-packages/summer_task_pkg-0.0.0-py3.10.egg-info/SOURCES.txt
/home/yashvant/ros2_ws/install/summer_task_pkg/lib/python3.10/site-packages/summer_task_pkg-0.0.0-py3.10.egg-info/dependency_links.txt
/home/yashvant/ros2_ws/install/summer_task_pkg/lib/python3.10/site-packages/summer_task_pkg-0.0.0-py3.10.egg-info/zip-safe
/home/yashvant/ros2_ws/install/summer_task_pkg/lib/python3.10/site-packages/summer_task_pkg-0.0.0-py3.10.egg-info/entry_points.txt
/home/yashvant/ros2_ws/install/summer_task_pkg/lib/python3.10/site-packages/summer_task_pkg-0.0.0-py3.10.egg-info/top_level.txt
/home/yashvant/ros2_ws/install/summer_task_pkg/lib/python3.10/site-packages/summer_task_pkg-0.0.0-py3.10.egg-info/requires.txt
/home/yashvant/ros2_ws/install/summer_task_pkg/lib/python3.10/site-packages/summer_task_pkg-0.0.0-py3.10.egg-info/PKG-INFO
/home/yashvant/ros2_ws/install/summer_task_pkg/lib/summer_task_pkg/circle_patrol_client
/home/yashvant/ros2_ws/install/summer_task_pkg/lib/summer_task_pkg/circle_patrol_server
/home/yashvant/ros2_ws/install/summer_task_pkg/lib/summer_task_pkg/collision_avoidance_node
