-- The C compiler identification is GNU 11.4.0
-- The CXX compiler identification is GNU 11.4.0
-- Detecting C compiler ABI info
-- Detecting C compiler ABI info - done
-- Check for working C compiler: /usr/bin/cc - skipped
-- Detecting C compile features
-- Detecting C compile features - done
-- Detecting CXX compiler ABI info
-- Detecting CXX compiler ABI info - done
-- Check for working CXX compiler: /usr/bin/c++ - skipped
-- Detecting CXX compile features
-- Detecting CXX compile features - done
-- Found ament_cmake: 1.3.14 (/opt/ros/humble/share/ament_cmake/cmake)
-- Found Python3: /usr/bin/python3 (found version "3.10.12") found components: Interpreter 
-- Found rosidl_default_generators: 1.2.1 (/opt/ros/humble/share/rosidl_default_generators/cmake)
-- Using all available rosidl_typesupport_c: rosidl_typesupport_fastrtps_c;rosidl_typesupport_introspection_c
-- Found rosidl_adapter: 3.1.8 (/opt/ros/humble/share/rosidl_adapter/cmake)
-- Using all available rosidl_typesupport_cpp: rosidl_typesupport_fastrtps_cpp;rosidl_typesupport_introspection_cpp
-- Found action_msgs: 1.2.2 (/opt/ros/humble/share/action_msgs/cmake)
-- Found ament_lint_auto: 0.12.15 (/opt/ros/humble/share/ament_lint_auto/cmake)
-- Found ament_cmake_ros: 0.10.0 (/opt/ros/humble/share/ament_cmake_ros/cmake)
-- Using all available rosidl_typesupport_c: rosidl_typesupport_fastrtps_c;rosidl_typesupport_introspection_c
-- Using all available rosidl_typesupport_cpp: rosidl_typesupport_fastrtps_cpp;rosidl_typesupport_introspection_cpp
-- Found PythonInterp: /usr/bin/python3 (found suitable version "3.10.12", minimum required is "3.6") 
-- Found python_cmake_module: 0.10.0 (/opt/ros/humble/share/python_cmake_module/cmake)
-- Found PythonLibs: /usr/lib/x86_64-linux-gnu/libpython3.10.so (found suitable version "3.10.12", minimum required is "3.5") 
-- Using PYTHON_EXECUTABLE: /usr/bin/python3
-- Using PYTHON_INCLUDE_DIRS: /usr/include/python3.10
-- Using PYTHON_LIBRARIES: /usr/lib/x86_64-linux-gnu/libpython3.10.so
-- Found PythonExtra: .so  
-- Added test 'lint_cmake' to check CMake code style
-- Added test 'xmllint' to check XML markup files
-- Configuring done
-- Generating done
-- Build files have been written to: /home/yashvant/ros2_ws/build/summer_task_interfaces
[  3%] [34m[1mGenerating C code for ROS interfaces[0m
[  6%] [34m[1mGenerating Rust code for ROS interfaces[0m
[  6%] Built target ament_cmake_python_copy_summer_task_interfaces
[  9%] [34m[1mGenerating C++ code for ROS interfaces[0m
running egg_info
creating summer_task_interfaces.egg-info
writing summer_task_interfaces.egg-info/PKG-INFO
writing dependency_links to summer_task_interfaces.egg-info/dependency_links.txt
writing top-level names to summer_task_interfaces.egg-info/top_level.txt
writing manifest file 'summer_task_interfaces.egg-info/SOURCES.txt'
reading manifest file 'summer_task_interfaces.egg-info/SOURCES.txt'
writing manifest file 'summer_task_interfaces.egg-info/SOURCES.txt'
[  9%] Built target ament_cmake_python_build_summer_task_interfaces_egg
[  9%] Built target summer_task_interfaces__rs
[  9%] Built target summer_task_interfaces__cpp
[ 12%] [34m[1mGenerating C++ type support for eProsima Fast-RTPS[0m
[ 18%] [34m[1mGenerating C++ type support dispatch for ROS interfaces[0m
[ 18%] [34m[1mGenerating C++ introspection for ROS interfaces[0m
[ 21%] [32mBuilding C object CMakeFiles/summer_task_interfaces__rosidl_generator_c.dir/rosidl_generator_c/summer_task_interfaces/action/detail/execute_circle__functions.c.o[0m
[ 25%] [32m[1mLinking C shared library libsummer_task_interfaces__rosidl_generator_c.so[0m
[ 25%] Built target summer_task_interfaces__rosidl_generator_c
[ 28%] [34m[1mGenerating C type support dispatch for ROS interfaces[0m
[ 31%] [34m[1mGenerating C type support for eProsima Fast-RTPS[0m
[ 34%] [34m[1mGenerating C introspection for ROS interfaces[0m
[ 37%] [32mBuilding CXX object CMakeFiles/summer_task_interfaces__rosidl_typesupport_cpp.dir/rosidl_typesupport_cpp/summer_task_interfaces/action/execute_circle__type_support.cpp.o[0m
[ 40%] [32mBuilding CXX object CMakeFiles/summer_task_interfaces__rosidl_typesupport_introspection_cpp.dir/rosidl_typesupport_introspection_cpp/summer_task_interfaces/action/detail/execute_circle__type_support.cpp.o[0m
[ 43%] [32mBuilding C object CMakeFiles/summer_task_interfaces__rosidl_typesupport_introspection_c.dir/rosidl_typesupport_introspection_c/summer_task_interfaces/action/detail/execute_circle__type_support.c.o[0m
[ 46%] [32m[1mLinking C shared library libsummer_task_interfaces__rosidl_typesupport_introspection_c.so[0m
[ 50%] [32mBuilding CXX object CMakeFiles/summer_task_interfaces__rosidl_typesupport_fastrtps_cpp.dir/rosidl_typesupport_fastrtps_cpp/summer_task_interfaces/action/detail/dds_fastrtps/execute_circle__type_support.cpp.o[0m
[ 50%] Built target summer_task_interfaces__rosidl_typesupport_introspection_c
[ 53%] [32mBuilding CXX object CMakeFiles/summer_task_interfaces__rosidl_typesupport_c.dir/rosidl_typesupport_c/summer_task_interfaces/action/execute_circle__type_support.cpp.o[0m
[ 56%] [32m[1mLinking CXX shared library libsummer_task_interfaces__rosidl_typesupport_c.so[0m
[ 56%] Built target summer_task_interfaces__rosidl_typesupport_c
[ 59%] [32m[1mLinking CXX shared library libsummer_task_interfaces__rosidl_typesupport_cpp.so[0m
[ 62%] [32mBuilding CXX object CMakeFiles/summer_task_interfaces__rosidl_typesupport_fastrtps_c.dir/rosidl_typesupport_fastrtps_c/summer_task_interfaces/action/detail/execute_circle__type_support_c.cpp.o[0m
[ 62%] Built target summer_task_interfaces__rosidl_typesupport_cpp
[ 65%] [32m[1mLinking CXX shared library libsummer_task_interfaces__rosidl_typesupport_fastrtps_c.so[0m
[ 68%] [32m[1mLinking CXX shared library libsummer_task_interfaces__rosidl_typesupport_fastrtps_cpp.so[0m
[ 68%] Built target summer_task_interfaces__rosidl_typesupport_fastrtps_c
[ 71%] [32m[1mLinking CXX shared library libsummer_task_interfaces__rosidl_typesupport_introspection_cpp.so[0m
[ 71%] Built target summer_task_interfaces__rosidl_typesupport_fastrtps_cpp
[ 71%] Built target summer_task_interfaces__rosidl_typesupport_introspection_cpp
[ 71%] Built target summer_task_interfaces
[ 75%] [34m[1mGenerating Python code for ROS interfaces[0m
[ 75%] Built target summer_task_interfaces__py
[ 78%] [32mBuilding C object CMakeFiles/summer_task_interfaces__rosidl_generator_py.dir/rosidl_generator_py/summer_task_interfaces/action/_execute_circle_s.c.o[0m
[ 81%] [32m[1mLinking C shared library rosidl_generator_py/summer_task_interfaces/libsummer_task_interfaces__rosidl_generator_py.so[0m
[ 81%] Built target summer_task_interfaces__rosidl_generator_py
[ 84%] [32mBuilding C object CMakeFiles/summer_task_interfaces__rosidl_typesupport_c__pyext.dir/rosidl_generator_py/summer_task_interfaces/_summer_task_interfaces_s.ep.rosidl_typesupport_c.c.o[0m
[ 87%] [32mBuilding C object CMakeFiles/summer_task_interfaces__rosidl_typesupport_fastrtps_c__pyext.dir/rosidl_generator_py/summer_task_interfaces/_summer_task_interfaces_s.ep.rosidl_typesupport_fastrtps_c.c.o[0m
[ 90%] [32mBuilding C object CMakeFiles/summer_task_interfaces__rosidl_typesupport_introspection_c__pyext.dir/rosidl_generator_py/summer_task_interfaces/_summer_task_interfaces_s.ep.rosidl_typesupport_introspection_c.c.o[0m
[ 93%] [32m[1mLinking C shared library rosidl_generator_py/summer_task_interfaces/summer_task_interfaces_s__rosidl_typesupport_c.cpython-310-x86_64-linux-gnu.so[0m
[ 96%] [32m[1mLinking C shared library rosidl_generator_py/summer_task_interfaces/summer_task_interfaces_s__rosidl_typesupport_fastrtps_c.cpython-310-x86_64-linux-gnu.so[0m
[100%] [32m[1mLinking C shared library rosidl_generator_py/summer_task_interfaces/summer_task_interfaces_s__rosidl_typesupport_introspection_c.cpython-310-x86_64-linux-gnu.so[0m
[100%] Built target summer_task_interfaces__rosidl_typesupport_fastrtps_c__pyext
[100%] Built target summer_task_interfaces__rosidl_typesupport_introspection_c__pyext
[100%] Built target summer_task_interfaces__rosidl_typesupport_c__pyext
-- Install configuration: ""
-- Installing: /home/yashvant/ros2_ws/install/summer_task_interfaces/share/ament_index/resource_index/rosidl_interfaces/summer_task_interfaces
-- Installing: /home/yashvant/ros2_ws/install/summer_task_interfaces/include/summer_task_interfaces/summer_task_interfaces
-- Installing: /home/yashvant/ros2_ws/install/summer_task_interfaces/include/summer_task_interfaces/summer_task_interfaces/action
-- Installing: /home/yashvant/ros2_ws/install/summer_task_interfaces/include/summer_task_interfaces/summer_task_interfaces/action/detail
-- Installing: /home/yashvant/ros2_ws/install/summer_task_interfaces/include/summer_task_interfaces/summer_task_interfaces/action/detail/execute_circle__functions.c
-- Installing: /home/yashvant/ros2_ws/install/summer_task_interfaces/include/summer_task_interfaces/summer_task_interfaces/action/detail/execute_circle__functions.h
-- Installing: /home/yashvant/ros2_ws/install/summer_task_interfaces/include/summer_task_interfaces/summer_task_interfaces/action/detail/execute_circle__type_support.h
-- Installing: /home/yashvant/ros2_ws/install/summer_task_interfaces/include/summer_task_interfaces/summer_task_interfaces/action/detail/execute_circle__struct.h
-- Installing: /home/yashvant/ros2_ws/install/summer_task_interfaces/include/summer_task_interfaces/summer_task_interfaces/action/execute_circle.h
-- Installing: /home/yashvant/ros2_ws/install/summer_task_interfaces/include/summer_task_interfaces/summer_task_interfaces/msg
-- Installing: /home/yashvant/ros2_ws/install/summer_task_interfaces/include/summer_task_interfaces/summer_task_interfaces/msg/rosidl_generator_c__visibility_control.h
-- Installing: /home/yashvant/ros2_ws/install/summer_task_interfaces/share/summer_task_interfaces/environment/library_path.sh
-- Installing: /home/yashvant/ros2_ws/install/summer_task_interfaces/share/summer_task_interfaces/environment/library_path.dsv
-- Installing: /home/yashvant/ros2_ws/install/summer_task_interfaces/lib/libsummer_task_interfaces__rosidl_generator_c.so
-- Set runtime path of "/home/yashvant/ros2_ws/install/summer_task_interfaces/lib/libsummer_task_interfaces__rosidl_generator_c.so" to ""
-- Up-to-date: /home/yashvant/ros2_ws/install/summer_task_interfaces/include/summer_task_interfaces/summer_task_interfaces
-- Up-to-date: /home/yashvant/ros2_ws/install/summer_task_interfaces/include/summer_task_interfaces/summer_task_interfaces/action
-- Up-to-date: /home/yashvant/ros2_ws/install/summer_task_interfaces/include/summer_task_interfaces/summer_task_interfaces/action/detail
-- Installing: /home/yashvant/ros2_ws/install/summer_task_interfaces/include/summer_task_interfaces/summer_task_interfaces/action/detail/execute_circle__rosidl_typesupport_fastrtps_c.h
-- Up-to-date: /home/yashvant/ros2_ws/install/summer_task_interfaces/include/summer_task_interfaces/summer_task_interfaces/msg
-- Installing: /home/yashvant/ros2_ws/install/summer_task_interfaces/include/summer_task_interfaces/summer_task_interfaces/msg/rosidl_typesupport_fastrtps_c__visibility_control.h
-- Installing: /home/yashvant/ros2_ws/install/summer_task_interfaces/lib/libsummer_task_interfaces__rosidl_typesupport_fastrtps_c.so
-- Set runtime path of "/home/yashvant/ros2_ws/install/summer_task_interfaces/lib/libsummer_task_interfaces__rosidl_typesupport_fastrtps_c.so" to ""
-- Up-to-date: /home/yashvant/ros2_ws/install/summer_task_interfaces/include/summer_task_interfaces/summer_task_interfaces
-- Up-to-date: /home/yashvant/ros2_ws/install/summer_task_interfaces/include/summer_task_interfaces/summer_task_interfaces/action
-- Up-to-date: /home/yashvant/ros2_ws/install/summer_task_interfaces/include/summer_task_interfaces/summer_task_interfaces/action/detail
-- Installing: /home/yashvant/ros2_ws/install/summer_task_interfaces/include/summer_task_interfaces/summer_task_interfaces/action/detail/execute_circle__rosidl_typesupport_introspection_c.h
-- Installing: /home/yashvant/ros2_ws/install/summer_task_interfaces/include/summer_task_interfaces/summer_task_interfaces/action/detail/execute_circle__type_support.c
-- Up-to-date: /home/yashvant/ros2_ws/install/summer_task_interfaces/include/summer_task_interfaces/summer_task_interfaces/msg
-- Installing: /home/yashvant/ros2_ws/install/summer_task_interfaces/include/summer_task_interfaces/summer_task_interfaces/msg/rosidl_typesupport_introspection_c__visibility_control.h
-- Installing: /home/yashvant/ros2_ws/install/summer_task_interfaces/lib/libsummer_task_interfaces__rosidl_typesupport_introspection_c.so
-- Set runtime path of "/home/yashvant/ros2_ws/install/summer_task_interfaces/lib/libsummer_task_interfaces__rosidl_typesupport_introspection_c.so" to ""
-- Installing: /home/yashvant/ros2_ws/install/summer_task_interfaces/lib/libsummer_task_interfaces__rosidl_typesupport_c.so
-- Set runtime path of "/home/yashvant/ros2_ws/install/summer_task_interfaces/lib/libsummer_task_interfaces__rosidl_typesupport_c.so" to ""
-- Up-to-date: /home/yashvant/ros2_ws/install/summer_task_interfaces/include/summer_task_interfaces/summer_task_interfaces
-- Up-to-date: /home/yashvant/ros2_ws/install/summer_task_interfaces/include/summer_task_interfaces/summer_task_interfaces/action
-- Up-to-date: /home/yashvant/ros2_ws/install/summer_task_interfaces/include/summer_task_interfaces/summer_task_interfaces/action/detail
-- Installing: /home/yashvant/ros2_ws/install/summer_task_interfaces/include/summer_task_interfaces/summer_task_interfaces/action/detail/execute_circle__type_support.hpp
-- Installing: /home/yashvant/ros2_ws/install/summer_task_interfaces/include/summer_task_interfaces/summer_task_interfaces/action/detail/execute_circle__builder.hpp
-- Installing: /home/yashvant/ros2_ws/install/summer_task_interfaces/include/summer_task_interfaces/summer_task_interfaces/action/detail/execute_circle__struct.hpp
-- Installing: /home/yashvant/ros2_ws/install/summer_task_interfaces/include/summer_task_interfaces/summer_task_interfaces/action/detail/execute_circle__traits.hpp
-- Installing: /home/yashvant/ros2_ws/install/summer_task_interfaces/include/summer_task_interfaces/summer_task_interfaces/action/execute_circle.hpp
-- Up-to-date: /home/yashvant/ros2_ws/install/summer_task_interfaces/include/summer_task_interfaces/summer_task_interfaces/msg
-- Installing: /home/yashvant/ros2_ws/install/summer_task_interfaces/include/summer_task_interfaces/summer_task_interfaces/msg/rosidl_generator_cpp__visibility_control.hpp
-- Up-to-date: /home/yashvant/ros2_ws/install/summer_task_interfaces/include/summer_task_interfaces/summer_task_interfaces
-- Up-to-date: /home/yashvant/ros2_ws/install/summer_task_interfaces/include/summer_task_interfaces/summer_task_interfaces/action
-- Up-to-date: /home/yashvant/ros2_ws/install/summer_task_interfaces/include/summer_task_interfaces/summer_task_interfaces/action/detail
-- Installing: /home/yashvant/ros2_ws/install/summer_task_interfaces/include/summer_task_interfaces/summer_task_interfaces/action/detail/execute_circle__rosidl_typesupport_fastrtps_cpp.hpp
-- Installing: /home/yashvant/ros2_ws/install/summer_task_interfaces/include/summer_task_interfaces/summer_task_interfaces/action/detail/dds_fastrtps
-- Up-to-date: /home/yashvant/ros2_ws/install/summer_task_interfaces/include/summer_task_interfaces/summer_task_interfaces/msg
-- Installing: /home/yashvant/ros2_ws/install/summer_task_interfaces/include/summer_task_interfaces/summer_task_interfaces/msg/rosidl_typesupport_fastrtps_cpp__visibility_control.h
-- Installing: /home/yashvant/ros2_ws/install/summer_task_interfaces/lib/libsummer_task_interfaces__rosidl_typesupport_fastrtps_cpp.so
-- Set runtime path of "/home/yashvant/ros2_ws/install/summer_task_interfaces/lib/libsummer_task_interfaces__rosidl_typesupport_fastrtps_cpp.so" to ""
-- Up-to-date: /home/yashvant/ros2_ws/install/summer_task_interfaces/include/summer_task_interfaces/summer_task_interfaces
-- Up-to-date: /home/yashvant/ros2_ws/install/summer_task_interfaces/include/summer_task_interfaces/summer_task_interfaces/action
-- Up-to-date: /home/yashvant/ros2_ws/install/summer_task_interfaces/include/summer_task_interfaces/summer_task_interfaces/action/detail
-- Installing: /home/yashvant/ros2_ws/install/summer_task_interfaces/include/summer_task_interfaces/summer_task_interfaces/action/detail/execute_circle__rosidl_typesupport_introspection_cpp.hpp
-- Installing: /home/yashvant/ros2_ws/install/summer_task_interfaces/include/summer_task_interfaces/summer_task_interfaces/action/detail/execute_circle__type_support.cpp
-- Installing: /home/yashvant/ros2_ws/install/summer_task_interfaces/lib/libsummer_task_interfaces__rosidl_typesupport_introspection_cpp.so
-- Set runtime path of "/home/yashvant/ros2_ws/install/summer_task_interfaces/lib/libsummer_task_interfaces__rosidl_typesupport_introspection_cpp.so" to ""
-- Installing: /home/yashvant/ros2_ws/install/summer_task_interfaces/lib/libsummer_task_interfaces__rosidl_typesupport_cpp.so
-- Set runtime path of "/home/yashvant/ros2_ws/install/summer_task_interfaces/lib/libsummer_task_interfaces__rosidl_typesupport_cpp.so" to ""
-- Installing: /home/yashvant/ros2_ws/install/summer_task_interfaces/share/summer_task_interfaces/environment/pythonpath.sh
-- Installing: /home/yashvant/ros2_ws/install/summer_task_interfaces/share/summer_task_interfaces/environment/pythonpath.dsv
-- Installing: /home/yashvant/ros2_ws/install/summer_task_interfaces/local/lib/python3.10/dist-packages/summer_task_interfaces-0.0.0-py3.10.egg-info
-- Installing: /home/yashvant/ros2_ws/install/summer_task_interfaces/local/lib/python3.10/dist-packages/summer_task_interfaces-0.0.0-py3.10.egg-info/SOURCES.txt
-- Installing: /home/yashvant/ros2_ws/install/summer_task_interfaces/local/lib/python3.10/dist-packages/summer_task_interfaces-0.0.0-py3.10.egg-info/dependency_links.txt
-- Installing: /home/yashvant/ros2_ws/install/summer_task_interfaces/local/lib/python3.10/dist-packages/summer_task_interfaces-0.0.0-py3.10.egg-info/top_level.txt
-- Installing: /home/yashvant/ros2_ws/install/summer_task_interfaces/local/lib/python3.10/dist-packages/summer_task_interfaces-0.0.0-py3.10.egg-info/PKG-INFO
-- Installing: /home/yashvant/ros2_ws/install/summer_task_interfaces/local/lib/python3.10/dist-packages/summer_task_interfaces
-- Installing: /home/yashvant/ros2_ws/install/summer_task_interfaces/local/lib/python3.10/dist-packages/summer_task_interfaces/summer_task_interfaces_s__rosidl_typesupport_c.cpython-310-x86_64-linux-gnu.so
-- Installing: /home/yashvant/ros2_ws/install/summer_task_interfaces/local/lib/python3.10/dist-packages/summer_task_interfaces/libsummer_task_interfaces__rosidl_generator_py.so
-- Installing: /home/yashvant/ros2_ws/install/summer_task_interfaces/local/lib/python3.10/dist-packages/summer_task_interfaces/action
-- Installing: /home/yashvant/ros2_ws/install/summer_task_interfaces/local/lib/python3.10/dist-packages/summer_task_interfaces/action/__init__.py
-- Installing: /home/yashvant/ros2_ws/install/summer_task_interfaces/local/lib/python3.10/dist-packages/summer_task_interfaces/action/_execute_circle.py
-- Installing: /home/yashvant/ros2_ws/install/summer_task_interfaces/local/lib/python3.10/dist-packages/summer_task_interfaces/action/_execute_circle_s.c
-- Installing: /home/yashvant/ros2_ws/install/summer_task_interfaces/local/lib/python3.10/dist-packages/summer_task_interfaces/__init__.py
-- Installing: /home/yashvant/ros2_ws/install/summer_task_interfaces/local/lib/python3.10/dist-packages/summer_task_interfaces/summer_task_interfaces_s__rosidl_typesupport_introspection_c.cpython-310-x86_64-linux-gnu.so
-- Installing: /home/yashvant/ros2_ws/install/summer_task_interfaces/local/lib/python3.10/dist-packages/summer_task_interfaces/_summer_task_interfaces_s.ep.rosidl_typesupport_c.c
-- Installing: /home/yashvant/ros2_ws/install/summer_task_interfaces/local/lib/python3.10/dist-packages/summer_task_interfaces/_summer_task_interfaces_s.ep.rosidl_typesupport_introspection_c.c
-- Installing: /home/yashvant/ros2_ws/install/summer_task_interfaces/local/lib/python3.10/dist-packages/summer_task_interfaces/_summer_task_interfaces_s.ep.rosidl_typesupport_fastrtps_c.c
-- Installing: /home/yashvant/ros2_ws/install/summer_task_interfaces/local/lib/python3.10/dist-packages/summer_task_interfaces/summer_task_interfaces_s__rosidl_typesupport_fastrtps_c.cpython-310-x86_64-linux-gnu.so
Listing '/home/yashvant/ros2_ws/install/summer_task_interfaces/local/lib/python3.10/dist-packages/summer_task_interfaces'...
Compiling '/home/yashvant/ros2_ws/install/summer_task_interfaces/local/lib/python3.10/dist-packages/summer_task_interfaces/__init__.py'...
Listing '/home/yashvant/ros2_ws/install/summer_task_interfaces/local/lib/python3.10/dist-packages/summer_task_interfaces/action'...
Compiling '/home/yashvant/ros2_ws/install/summer_task_interfaces/local/lib/python3.10/dist-packages/summer_task_interfaces/action/__init__.py'...
Compiling '/home/yashvant/ros2_ws/install/summer_task_interfaces/local/lib/python3.10/dist-packages/summer_task_interfaces/action/_execute_circle.py'...
-- Installing: /home/yashvant/ros2_ws/install/summer_task_interfaces/local/lib/python3.10/dist-packages/summer_task_interfaces/summer_task_interfaces_s__rosidl_typesupport_fastrtps_c.cpython-310-x86_64-linux-gnu.so
-- Set runtime path of "/home/yashvant/ros2_ws/install/summer_task_interfaces/local/lib/python3.10/dist-packages/summer_task_interfaces/summer_task_interfaces_s__rosidl_typesupport_fastrtps_c.cpython-310-x86_64-linux-gnu.so" to ""
-- Installing: /home/yashvant/ros2_ws/install/summer_task_interfaces/local/lib/python3.10/dist-packages/summer_task_interfaces/summer_task_interfaces_s__rosidl_typesupport_introspection_c.cpython-310-x86_64-linux-gnu.so
-- Set runtime path of "/home/yashvant/ros2_ws/install/summer_task_interfaces/local/lib/python3.10/dist-packages/summer_task_interfaces/summer_task_interfaces_s__rosidl_typesupport_introspection_c.cpython-310-x86_64-linux-gnu.so" to ""
-- Installing: /home/yashvant/ros2_ws/install/summer_task_interfaces/local/lib/python3.10/dist-packages/summer_task_interfaces/summer_task_interfaces_s__rosidl_typesupport_c.cpython-310-x86_64-linux-gnu.so
-- Set runtime path of "/home/yashvant/ros2_ws/install/summer_task_interfaces/local/lib/python3.10/dist-packages/summer_task_interfaces/summer_task_interfaces_s__rosidl_typesupport_c.cpython-310-x86_64-linux-gnu.so" to ""
-- Installing: /home/yashvant/ros2_ws/install/summer_task_interfaces/lib/libsummer_task_interfaces__rosidl_generator_py.so
-- Set runtime path of "/home/yashvant/ros2_ws/install/summer_task_interfaces/lib/libsummer_task_interfaces__rosidl_generator_py.so" to ""
-- Installing: /home/yashvant/ros2_ws/install/summer_task_interfaces/share/ament_index/resource_index/rust_packages/summer_task_interfaces
-- Installing: /home/yashvant/ros2_ws/install/summer_task_interfaces/share/summer_task_interfaces/rust
-- Installing: /home/yashvant/ros2_ws/install/summer_task_interfaces/share/summer_task_interfaces/rust/build.rs
-- Installing: /home/yashvant/ros2_ws/install/summer_task_interfaces/share/summer_task_interfaces/rust/Cargo.toml
-- Installing: /home/yashvant/ros2_ws/install/summer_task_interfaces/share/summer_task_interfaces/rust/src
-- Installing: /home/yashvant/ros2_ws/install/summer_task_interfaces/share/summer_task_interfaces/rust/src/action
-- Installing: /home/yashvant/ros2_ws/install/summer_task_interfaces/share/summer_task_interfaces/rust/src/action/rmw.rs
-- Installing: /home/yashvant/ros2_ws/install/summer_task_interfaces/share/summer_task_interfaces/rust/src/lib.rs
-- Installing: /home/yashvant/ros2_ws/install/summer_task_interfaces/share/summer_task_interfaces/rust/src/action.rs
-- Installing: /home/yashvant/ros2_ws/install/summer_task_interfaces/share/summer_task_interfaces/action/ExecuteCircle.idl
-- Installing: /home/yashvant/ros2_ws/install/summer_task_interfaces/share/summer_task_interfaces/action/ExecuteCircle.action
-- Installing: /home/yashvant/ros2_ws/install/summer_task_interfaces/share/ament_index/resource_index/package_run_dependencies/summer_task_interfaces
-- Installing: /home/yashvant/ros2_ws/install/summer_task_interfaces/share/ament_index/resource_index/parent_prefix_path/summer_task_interfaces
-- Installing: /home/yashvant/ros2_ws/install/summer_task_interfaces/share/summer_task_interfaces/environment/ament_prefix_path.sh
-- Installing: /home/yashvant/ros2_ws/install/summer_task_interfaces/share/summer_task_interfaces/environment/ament_prefix_path.dsv
-- Installing: /home/yashvant/ros2_ws/install/summer_task_interfaces/share/summer_task_interfaces/environment/path.sh
-- Installing: /home/yashvant/ros2_ws/install/summer_task_interfaces/share/summer_task_interfaces/environment/path.dsv
-- Installing: /home/yashvant/ros2_ws/install/summer_task_interfaces/share/summer_task_interfaces/local_setup.bash
-- Installing: /home/yashvant/ros2_ws/install/summer_task_interfaces/share/summer_task_interfaces/local_setup.sh
-- Installing: /home/yashvant/ros2_ws/install/summer_task_interfaces/share/summer_task_interfaces/local_setup.zsh
-- Installing: /home/yashvant/ros2_ws/install/summer_task_interfaces/share/summer_task_interfaces/local_setup.dsv
-- Installing: /home/yashvant/ros2_ws/install/summer_task_interfaces/share/summer_task_interfaces/package.dsv
-- Installing: /home/yashvant/ros2_ws/install/summer_task_interfaces/share/ament_index/resource_index/packages/summer_task_interfaces
-- Installing: /home/yashvant/ros2_ws/install/summer_task_interfaces/share/summer_task_interfaces/cmake/export_summer_task_interfaces__rosidl_generator_cExport.cmake
-- Installing: /home/yashvant/ros2_ws/install/summer_task_interfaces/share/summer_task_interfaces/cmake/export_summer_task_interfaces__rosidl_generator_cExport-noconfig.cmake
-- Installing: /home/yashvant/ros2_ws/install/summer_task_interfaces/share/summer_task_interfaces/cmake/export_summer_task_interfaces__rosidl_typesupport_fastrtps_cExport.cmake
-- Installing: /home/yashvant/ros2_ws/install/summer_task_interfaces/share/summer_task_interfaces/cmake/export_summer_task_interfaces__rosidl_typesupport_fastrtps_cExport-noconfig.cmake
-- Installing: /home/yashvant/ros2_ws/install/summer_task_interfaces/share/summer_task_interfaces/cmake/summer_task_interfaces__rosidl_typesupport_introspection_cExport.cmake
-- Installing: /home/yashvant/ros2_ws/install/summer_task_interfaces/share/summer_task_interfaces/cmake/summer_task_interfaces__rosidl_typesupport_introspection_cExport-noconfig.cmake
-- Installing: /home/yashvant/ros2_ws/install/summer_task_interfaces/share/summer_task_interfaces/cmake/summer_task_interfaces__rosidl_typesupport_cExport.cmake
-- Installing: /home/yashvant/ros2_ws/install/summer_task_interfaces/share/summer_task_interfaces/cmake/summer_task_interfaces__rosidl_typesupport_cExport-noconfig.cmake
-- Installing: /home/yashvant/ros2_ws/install/summer_task_interfaces/share/summer_task_interfaces/cmake/export_summer_task_interfaces__rosidl_generator_cppExport.cmake
-- Installing: /home/yashvant/ros2_ws/install/summer_task_interfaces/share/summer_task_interfaces/cmake/export_summer_task_interfaces__rosidl_typesupport_fastrtps_cppExport.cmake
-- Installing: /home/yashvant/ros2_ws/install/summer_task_interfaces/share/summer_task_interfaces/cmake/export_summer_task_interfaces__rosidl_typesupport_fastrtps_cppExport-noconfig.cmake
-- Installing: /home/yashvant/ros2_ws/install/summer_task_interfaces/share/summer_task_interfaces/cmake/summer_task_interfaces__rosidl_typesupport_introspection_cppExport.cmake
-- Installing: /home/yashvant/ros2_ws/install/summer_task_interfaces/share/summer_task_interfaces/cmake/summer_task_interfaces__rosidl_typesupport_introspection_cppExport-noconfig.cmake
-- Installing: /home/yashvant/ros2_ws/install/summer_task_interfaces/share/summer_task_interfaces/cmake/summer_task_interfaces__rosidl_typesupport_cppExport.cmake
-- Installing: /home/yashvant/ros2_ws/install/summer_task_interfaces/share/summer_task_interfaces/cmake/summer_task_interfaces__rosidl_typesupport_cppExport-noconfig.cmake
-- Installing: /home/yashvant/ros2_ws/install/summer_task_interfaces/share/summer_task_interfaces/cmake/export_summer_task_interfaces__rosidl_generator_pyExport.cmake
-- Installing: /home/yashvant/ros2_ws/install/summer_task_interfaces/share/summer_task_interfaces/cmake/export_summer_task_interfaces__rosidl_generator_pyExport-noconfig.cmake
-- Installing: /home/yashvant/ros2_ws/install/summer_task_interfaces/share/summer_task_interfaces/cmake/rosidl_cmake-extras.cmake
-- Installing: /home/yashvant/ros2_ws/install/summer_task_interfaces/share/summer_task_interfaces/cmake/ament_cmake_export_dependencies-extras.cmake
-- Installing: /home/yashvant/ros2_ws/install/summer_task_interfaces/share/summer_task_interfaces/cmake/ament_cmake_export_include_directories-extras.cmake
-- Installing: /home/yashvant/ros2_ws/install/summer_task_interfaces/share/summer_task_interfaces/cmake/ament_cmake_export_libraries-extras.cmake
-- Installing: /home/yashvant/ros2_ws/install/summer_task_interfaces/share/summer_task_interfaces/cmake/ament_cmake_export_targets-extras.cmake
-- Installing: /home/yashvant/ros2_ws/install/summer_task_interfaces/share/summer_task_interfaces/cmake/rosidl_cmake_export_typesupport_targets-extras.cmake
-- Installing: /home/yashvant/ros2_ws/install/summer_task_interfaces/share/summer_task_interfaces/cmake/rosidl_cmake_export_typesupport_libraries-extras.cmake
-- Installing: /home/yashvant/ros2_ws/install/summer_task_interfaces/share/summer_task_interfaces/cmake/summer_task_interfacesConfig.cmake
-- Installing: /home/yashvant/ros2_ws/install/summer_task_interfaces/share/summer_task_interfaces/cmake/summer_task_interfacesConfig-version.cmake
-- Installing: /home/yashvant/ros2_ws/install/summer_task_interfaces/share/summer_task_interfaces/package.xml
