[0.177s] Invoking command in '/home/yashvant/ros2_ws/build/summer_task_interfaces': CMAKE_PREFIX_PATH=/opt/ros/humble /usr/bin/cmake /home/yashvant/ros2_ws/src/summer_task_interfaces -DCMAKE_INSTALL_PREFIX=/home/yashvant/ros2_ws/install/summer_task_interfaces
[0.228s] -- The C compiler identification is GNU 11.4.0
[0.270s] -- The CXX compiler identification is GNU 11.4.0
[0.275s] -- Detecting C compiler ABI info
[0.331s] -- Detecting C compiler ABI info - done
[0.337s] -- Check for working C compiler: /usr/bin/cc - skipped
[0.337s] -- Detecting C compile features
[0.337s] -- Detecting C compile features - done
[0.339s] -- Detecting CXX compiler ABI info
[0.409s] -- Detecting CXX compiler ABI info - done
[0.415s] -- Check for working CXX compiler: /usr/bin/c++ - skipped
[0.415s] -- Detecting CXX compile features
[0.416s] -- Detecting CXX compile features - done
[0.417s] -- Found ament_cmake: 1.3.14 (/opt/ros/humble/share/ament_cmake/cmake)
[0.557s] -- Found Python3: /usr/bin/python3 (found version "3.10.12") found components: Interpreter 
[0.628s] -- Found rosidl_default_generators: 1.2.1 (/opt/ros/humble/share/rosidl_default_generators/cmake)
[0.631s] -- Using all available rosidl_typesupport_c: rosidl_typesupport_fastrtps_c;rosidl_typesupport_introspection_c
[0.636s] -- Found rosidl_adapter: 3.1.8 (/opt/ros/humble/share/rosidl_adapter/cmake)
[0.676s] -- Using all available rosidl_typesupport_cpp: rosidl_typesupport_fastrtps_cpp;rosidl_typesupport_introspection_cpp
[0.707s] -- Found action_msgs: 1.2.2 (/opt/ros/humble/share/action_msgs/cmake)
[0.759s] -- Found ament_lint_auto: 0.12.15 (/opt/ros/humble/share/ament_lint_auto/cmake)
[0.971s] -- Found ament_cmake_ros: 0.10.0 (/opt/ros/humble/share/ament_cmake_ros/cmake)
[1.130s] -- Using all available rosidl_typesupport_c: rosidl_typesupport_fastrtps_c;rosidl_typesupport_introspection_c
[1.319s] -- Using all available rosidl_typesupport_cpp: rosidl_typesupport_fastrtps_cpp;rosidl_typesupport_introspection_cpp
[1.339s] -- Found PythonInterp: /usr/bin/python3 (found suitable version "3.10.12", minimum required is "3.6") 
[1.340s] -- Found python_cmake_module: 0.10.0 (/opt/ros/humble/share/python_cmake_module/cmake)
[1.359s] -- Found PythonLibs: /usr/lib/x86_64-linux-gnu/libpython3.10.so (found suitable version "3.10.12", minimum required is "3.5") 
[1.359s] -- Using PYTHON_EXECUTABLE: /usr/bin/python3
[1.359s] -- Using PYTHON_INCLUDE_DIRS: /usr/include/python3.10
[1.360s] -- Using PYTHON_LIBRARIES: /usr/lib/x86_64-linux-gnu/libpython3.10.so
[1.378s] -- Found PythonExtra: .so  
[1.468s] -- Added test 'lint_cmake' to check CMake code style
[1.468s] -- Added test 'xmllint' to check XML markup files
[1.474s] -- Configuring done
[1.495s] -- Generating done
[1.503s] -- Build files have been written to: /home/yashvant/ros2_ws/build/summer_task_interfaces
[1.511s] Invoked command in '/home/yashvant/ros2_ws/build/summer_task_interfaces' returned '0': CMAKE_PREFIX_PATH=/opt/ros/humble /usr/bin/cmake /home/yashvant/ros2_ws/src/summer_task_interfaces -DCMAKE_INSTALL_PREFIX=/home/yashvant/ros2_ws/install/summer_task_interfaces
[1.512s] Invoking command in '/home/yashvant/ros2_ws/build/summer_task_interfaces': CMAKE_PREFIX_PATH=/opt/ros/humble /usr/bin/cmake --build /home/yashvant/ros2_ws/build/summer_task_interfaces -- -j12 -l12
[1.554s] [  3%] [34m[1mGenerating C code for ROS interfaces[0m
[1.558s] [  6%] [34m[1mGenerating Rust code for ROS interfaces[0m
[1.564s] [  6%] Built target ament_cmake_python_copy_summer_task_interfaces
[1.566s] [  9%] [34m[1mGenerating C++ code for ROS interfaces[0m
[1.723s] running egg_info
[1.723s] creating summer_task_interfaces.egg-info
[1.724s] writing summer_task_interfaces.egg-info/PKG-INFO
[1.724s] writing dependency_links to summer_task_interfaces.egg-info/dependency_links.txt
[1.724s] writing top-level names to summer_task_interfaces.egg-info/top_level.txt
[1.724s] writing manifest file 'summer_task_interfaces.egg-info/SOURCES.txt'
[1.725s] reading manifest file 'summer_task_interfaces.egg-info/SOURCES.txt'
[1.726s] writing manifest file 'summer_task_interfaces.egg-info/SOURCES.txt'
[1.754s] [  9%] Built target ament_cmake_python_build_summer_task_interfaces_egg
[1.865s] [  9%] Built target summer_task_interfaces__rs
[1.924s] [  9%] Built target summer_task_interfaces__cpp
[1.934s] [ 12%] [34m[1mGenerating C++ type support for eProsima Fast-RTPS[0m
[1.936s] [ 18%] [34m[1mGenerating C++ type support dispatch for ROS interfaces[0m
[1.937s] [ 18%] [34m[1mGenerating C++ introspection for ROS interfaces[0m
[1.964s] [ 21%] [32mBuilding C object CMakeFiles/summer_task_interfaces__rosidl_generator_c.dir/rosidl_generator_c/summer_task_interfaces/action/detail/execute_circle__functions.c.o[0m
[2.059s] [ 25%] [32m[1mLinking C shared library libsummer_task_interfaces__rosidl_generator_c.so[0m
[2.094s] [ 25%] Built target summer_task_interfaces__rosidl_generator_c
[2.101s] [ 28%] [34m[1mGenerating C type support dispatch for ROS interfaces[0m
[2.102s] [ 31%] [34m[1mGenerating C type support for eProsima Fast-RTPS[0m
[2.102s] [ 34%] [34m[1mGenerating C introspection for ROS interfaces[0m
[2.247s] [ 37%] [32mBuilding CXX object CMakeFiles/summer_task_interfaces__rosidl_typesupport_cpp.dir/rosidl_typesupport_cpp/summer_task_interfaces/action/execute_circle__type_support.cpp.o[0m
[2.261s] [ 40%] [32mBuilding CXX object CMakeFiles/summer_task_interfaces__rosidl_typesupport_introspection_cpp.dir/rosidl_typesupport_introspection_cpp/summer_task_interfaces/action/detail/execute_circle__type_support.cpp.o[0m
[2.394s] [ 43%] [32mBuilding C object CMakeFiles/summer_task_interfaces__rosidl_typesupport_introspection_c.dir/rosidl_typesupport_introspection_c/summer_task_interfaces/action/detail/execute_circle__type_support.c.o[0m
[2.443s] [ 46%] [32m[1mLinking C shared library libsummer_task_interfaces__rosidl_typesupport_introspection_c.so[0m
[2.461s] [ 50%] [32mBuilding CXX object CMakeFiles/summer_task_interfaces__rosidl_typesupport_fastrtps_cpp.dir/rosidl_typesupport_fastrtps_cpp/summer_task_interfaces/action/detail/dds_fastrtps/execute_circle__type_support.cpp.o[0m
[2.472s] [ 50%] Built target summer_task_interfaces__rosidl_typesupport_introspection_c
[2.489s] [ 53%] [32mBuilding CXX object CMakeFiles/summer_task_interfaces__rosidl_typesupport_c.dir/rosidl_typesupport_c/summer_task_interfaces/action/execute_circle__type_support.cpp.o[0m
[2.527s] [ 56%] [32m[1mLinking CXX shared library libsummer_task_interfaces__rosidl_typesupport_c.so[0m
[2.562s] [ 56%] Built target summer_task_interfaces__rosidl_typesupport_c
[2.579s] [ 59%] [32m[1mLinking CXX shared library libsummer_task_interfaces__rosidl_typesupport_cpp.so[0m
[2.592s] [ 62%] [32mBuilding CXX object CMakeFiles/summer_task_interfaces__rosidl_typesupport_fastrtps_c.dir/rosidl_typesupport_fastrtps_c/summer_task_interfaces/action/detail/execute_circle__type_support_c.cpp.o[0m
[2.616s] [ 62%] Built target summer_task_interfaces__rosidl_typesupport_cpp
[2.884s] [ 65%] [32m[1mLinking CXX shared library libsummer_task_interfaces__rosidl_typesupport_fastrtps_c.so[0m
[2.914s] [ 68%] [32m[1mLinking CXX shared library libsummer_task_interfaces__rosidl_typesupport_fastrtps_cpp.so[0m
[2.968s] [ 68%] Built target summer_task_interfaces__rosidl_typesupport_fastrtps_c
[2.973s] [ 71%] [32m[1mLinking CXX shared library libsummer_task_interfaces__rosidl_typesupport_introspection_cpp.so[0m
[3.005s] [ 71%] Built target summer_task_interfaces__rosidl_typesupport_fastrtps_cpp
[3.040s] [ 71%] Built target summer_task_interfaces__rosidl_typesupport_introspection_cpp
[3.058s] [ 71%] Built target summer_task_interfaces
[3.079s] [ 75%] [34m[1mGenerating Python code for ROS interfaces[0m
[3.550s] [ 75%] Built target summer_task_interfaces__py
[3.571s] [ 78%] [32mBuilding C object CMakeFiles/summer_task_interfaces__rosidl_generator_py.dir/rosidl_generator_py/summer_task_interfaces/action/_execute_circle_s.c.o[0m
[3.701s] [ 81%] [32m[1mLinking C shared library rosidl_generator_py/summer_task_interfaces/libsummer_task_interfaces__rosidl_generator_py.so[0m
[3.746s] [ 81%] Built target summer_task_interfaces__rosidl_generator_py
[3.762s] [ 84%] [32mBuilding C object CMakeFiles/summer_task_interfaces__rosidl_typesupport_c__pyext.dir/rosidl_generator_py/summer_task_interfaces/_summer_task_interfaces_s.ep.rosidl_typesupport_c.c.o[0m
[3.767s] [ 87%] [32mBuilding C object CMakeFiles/summer_task_interfaces__rosidl_typesupport_fastrtps_c__pyext.dir/rosidl_generator_py/summer_task_interfaces/_summer_task_interfaces_s.ep.rosidl_typesupport_fastrtps_c.c.o[0m
[3.770s] [ 90%] [32mBuilding C object CMakeFiles/summer_task_interfaces__rosidl_typesupport_introspection_c__pyext.dir/rosidl_generator_py/summer_task_interfaces/_summer_task_interfaces_s.ep.rosidl_typesupport_introspection_c.c.o[0m
[3.846s] [ 93%] [32m[1mLinking C shared library rosidl_generator_py/summer_task_interfaces/summer_task_interfaces_s__rosidl_typesupport_c.cpython-310-x86_64-linux-gnu.so[0m
[3.852s] [ 96%] [32m[1mLinking C shared library rosidl_generator_py/summer_task_interfaces/summer_task_interfaces_s__rosidl_typesupport_fastrtps_c.cpython-310-x86_64-linux-gnu.so[0m
[3.857s] [100%] [32m[1mLinking C shared library rosidl_generator_py/summer_task_interfaces/summer_task_interfaces_s__rosidl_typesupport_introspection_c.cpython-310-x86_64-linux-gnu.so[0m
[3.884s] [100%] Built target summer_task_interfaces__rosidl_typesupport_fastrtps_c__pyext
[3.889s] [100%] Built target summer_task_interfaces__rosidl_typesupport_introspection_c__pyext
[3.890s] [100%] Built target summer_task_interfaces__rosidl_typesupport_c__pyext
[3.902s] Invoked command in '/home/yashvant/ros2_ws/build/summer_task_interfaces' returned '0': CMAKE_PREFIX_PATH=/opt/ros/humble /usr/bin/cmake --build /home/yashvant/ros2_ws/build/summer_task_interfaces -- -j12 -l12
[3.904s] Invoking command in '/home/yashvant/ros2_ws/build/summer_task_interfaces': CMAKE_PREFIX_PATH=/opt/ros/humble /usr/bin/cmake --install /home/yashvant/ros2_ws/build/summer_task_interfaces
[3.911s] -- Install configuration: ""
[3.911s] -- Installing: /home/yashvant/ros2_ws/install/summer_task_interfaces/share/ament_index/resource_index/rosidl_interfaces/summer_task_interfaces
[3.911s] -- Installing: /home/yashvant/ros2_ws/install/summer_task_interfaces/include/summer_task_interfaces/summer_task_interfaces
[3.911s] -- Installing: /home/yashvant/ros2_ws/install/summer_task_interfaces/include/summer_task_interfaces/summer_task_interfaces/action
[3.911s] -- Installing: /home/yashvant/ros2_ws/install/summer_task_interfaces/include/summer_task_interfaces/summer_task_interfaces/action/detail
[3.911s] -- Installing: /home/yashvant/ros2_ws/install/summer_task_interfaces/include/summer_task_interfaces/summer_task_interfaces/action/detail/execute_circle__functions.c
[3.911s] -- Installing: /home/yashvant/ros2_ws/install/summer_task_interfaces/include/summer_task_interfaces/summer_task_interfaces/action/detail/execute_circle__functions.h
[3.911s] -- Installing: /home/yashvant/ros2_ws/install/summer_task_interfaces/include/summer_task_interfaces/summer_task_interfaces/action/detail/execute_circle__type_support.h
[3.911s] -- Installing: /home/yashvant/ros2_ws/install/summer_task_interfaces/include/summer_task_interfaces/summer_task_interfaces/action/detail/execute_circle__struct.h
[3.911s] -- Installing: /home/yashvant/ros2_ws/install/summer_task_interfaces/include/summer_task_interfaces/summer_task_interfaces/action/execute_circle.h
[3.912s] -- Installing: /home/yashvant/ros2_ws/install/summer_task_interfaces/include/summer_task_interfaces/summer_task_interfaces/msg
[3.912s] -- Installing: /home/yashvant/ros2_ws/install/summer_task_interfaces/include/summer_task_interfaces/summer_task_interfaces/msg/rosidl_generator_c__visibility_control.h
[3.912s] -- Installing: /home/yashvant/ros2_ws/install/summer_task_interfaces/share/summer_task_interfaces/environment/library_path.sh
[3.912s] -- Installing: /home/yashvant/ros2_ws/install/summer_task_interfaces/share/summer_task_interfaces/environment/library_path.dsv
[3.912s] -- Installing: /home/yashvant/ros2_ws/install/summer_task_interfaces/lib/libsummer_task_interfaces__rosidl_generator_c.so
[3.912s] -- Set runtime path of "/home/yashvant/ros2_ws/install/summer_task_interfaces/lib/libsummer_task_interfaces__rosidl_generator_c.so" to ""
[3.912s] -- Up-to-date: /home/yashvant/ros2_ws/install/summer_task_interfaces/include/summer_task_interfaces/summer_task_interfaces
[3.912s] -- Up-to-date: /home/yashvant/ros2_ws/install/summer_task_interfaces/include/summer_task_interfaces/summer_task_interfaces/action
[3.912s] -- Up-to-date: /home/yashvant/ros2_ws/install/summer_task_interfaces/include/summer_task_interfaces/summer_task_interfaces/action/detail
[3.912s] -- Installing: /home/yashvant/ros2_ws/install/summer_task_interfaces/include/summer_task_interfaces/summer_task_interfaces/action/detail/execute_circle__rosidl_typesupport_fastrtps_c.h
[3.912s] -- Up-to-date: /home/yashvant/ros2_ws/install/summer_task_interfaces/include/summer_task_interfaces/summer_task_interfaces/msg
[3.912s] -- Installing: /home/yashvant/ros2_ws/install/summer_task_interfaces/include/summer_task_interfaces/summer_task_interfaces/msg/rosidl_typesupport_fastrtps_c__visibility_control.h
[3.912s] -- Installing: /home/yashvant/ros2_ws/install/summer_task_interfaces/lib/libsummer_task_interfaces__rosidl_typesupport_fastrtps_c.so
[3.912s] -- Set runtime path of "/home/yashvant/ros2_ws/install/summer_task_interfaces/lib/libsummer_task_interfaces__rosidl_typesupport_fastrtps_c.so" to ""
[3.912s] -- Up-to-date: /home/yashvant/ros2_ws/install/summer_task_interfaces/include/summer_task_interfaces/summer_task_interfaces
[3.912s] -- Up-to-date: /home/yashvant/ros2_ws/install/summer_task_interfaces/include/summer_task_interfaces/summer_task_interfaces/action
[3.912s] -- Up-to-date: /home/yashvant/ros2_ws/install/summer_task_interfaces/include/summer_task_interfaces/summer_task_interfaces/action/detail
[3.912s] -- Installing: /home/yashvant/ros2_ws/install/summer_task_interfaces/include/summer_task_interfaces/summer_task_interfaces/action/detail/execute_circle__rosidl_typesupport_introspection_c.h
[3.912s] -- Installing: /home/yashvant/ros2_ws/install/summer_task_interfaces/include/summer_task_interfaces/summer_task_interfaces/action/detail/execute_circle__type_support.c
[3.912s] -- Up-to-date: /home/yashvant/ros2_ws/install/summer_task_interfaces/include/summer_task_interfaces/summer_task_interfaces/msg
[3.912s] -- Installing: /home/yashvant/ros2_ws/install/summer_task_interfaces/include/summer_task_interfaces/summer_task_interfaces/msg/rosidl_typesupport_introspection_c__visibility_control.h
[3.912s] -- Installing: /home/yashvant/ros2_ws/install/summer_task_interfaces/lib/libsummer_task_interfaces__rosidl_typesupport_introspection_c.so
[3.912s] -- Set runtime path of "/home/yashvant/ros2_ws/install/summer_task_interfaces/lib/libsummer_task_interfaces__rosidl_typesupport_introspection_c.so" to ""
[3.913s] -- Installing: /home/yashvant/ros2_ws/install/summer_task_interfaces/lib/libsummer_task_interfaces__rosidl_typesupport_c.so
[3.913s] -- Set runtime path of "/home/yashvant/ros2_ws/install/summer_task_interfaces/lib/libsummer_task_interfaces__rosidl_typesupport_c.so" to ""
[3.913s] -- Up-to-date: /home/yashvant/ros2_ws/install/summer_task_interfaces/include/summer_task_interfaces/summer_task_interfaces
[3.913s] -- Up-to-date: /home/yashvant/ros2_ws/install/summer_task_interfaces/include/summer_task_interfaces/summer_task_interfaces/action
[3.913s] -- Up-to-date: /home/yashvant/ros2_ws/install/summer_task_interfaces/include/summer_task_interfaces/summer_task_interfaces/action/detail
[3.913s] -- Installing: /home/yashvant/ros2_ws/install/summer_task_interfaces/include/summer_task_interfaces/summer_task_interfaces/action/detail/execute_circle__type_support.hpp
[3.913s] -- Installing: /home/yashvant/ros2_ws/install/summer_task_interfaces/include/summer_task_interfaces/summer_task_interfaces/action/detail/execute_circle__builder.hpp
[3.913s] -- Installing: /home/yashvant/ros2_ws/install/summer_task_interfaces/include/summer_task_interfaces/summer_task_interfaces/action/detail/execute_circle__struct.hpp
[3.913s] -- Installing: /home/yashvant/ros2_ws/install/summer_task_interfaces/include/summer_task_interfaces/summer_task_interfaces/action/detail/execute_circle__traits.hpp
[3.913s] -- Installing: /home/yashvant/ros2_ws/install/summer_task_interfaces/include/summer_task_interfaces/summer_task_interfaces/action/execute_circle.hpp
[3.913s] -- Up-to-date: /home/yashvant/ros2_ws/install/summer_task_interfaces/include/summer_task_interfaces/summer_task_interfaces/msg
[3.913s] -- Installing: /home/yashvant/ros2_ws/install/summer_task_interfaces/include/summer_task_interfaces/summer_task_interfaces/msg/rosidl_generator_cpp__visibility_control.hpp
[3.913s] -- Up-to-date: /home/yashvant/ros2_ws/install/summer_task_interfaces/include/summer_task_interfaces/summer_task_interfaces
[3.913s] -- Up-to-date: /home/yashvant/ros2_ws/install/summer_task_interfaces/include/summer_task_interfaces/summer_task_interfaces/action
[3.913s] -- Up-to-date: /home/yashvant/ros2_ws/install/summer_task_interfaces/include/summer_task_interfaces/summer_task_interfaces/action/detail
[3.913s] -- Installing: /home/yashvant/ros2_ws/install/summer_task_interfaces/include/summer_task_interfaces/summer_task_interfaces/action/detail/execute_circle__rosidl_typesupport_fastrtps_cpp.hpp
[3.913s] -- Installing: /home/yashvant/ros2_ws/install/summer_task_interfaces/include/summer_task_interfaces/summer_task_interfaces/action/detail/dds_fastrtps
[3.913s] -- Up-to-date: /home/yashvant/ros2_ws/install/summer_task_interfaces/include/summer_task_interfaces/summer_task_interfaces/msg
[3.913s] -- Installing: /home/yashvant/ros2_ws/install/summer_task_interfaces/include/summer_task_interfaces/summer_task_interfaces/msg/rosidl_typesupport_fastrtps_cpp__visibility_control.h
[3.913s] -- Installing: /home/yashvant/ros2_ws/install/summer_task_interfaces/lib/libsummer_task_interfaces__rosidl_typesupport_fastrtps_cpp.so
[3.913s] -- Set runtime path of "/home/yashvant/ros2_ws/install/summer_task_interfaces/lib/libsummer_task_interfaces__rosidl_typesupport_fastrtps_cpp.so" to ""
[3.913s] -- Up-to-date: /home/yashvant/ros2_ws/install/summer_task_interfaces/include/summer_task_interfaces/summer_task_interfaces
[3.913s] -- Up-to-date: /home/yashvant/ros2_ws/install/summer_task_interfaces/include/summer_task_interfaces/summer_task_interfaces/action
[3.914s] -- Up-to-date: /home/yashvant/ros2_ws/install/summer_task_interfaces/include/summer_task_interfaces/summer_task_interfaces/action/detail
[3.914s] -- Installing: /home/yashvant/ros2_ws/install/summer_task_interfaces/include/summer_task_interfaces/summer_task_interfaces/action/detail/execute_circle__rosidl_typesupport_introspection_cpp.hpp
[3.914s] -- Installing: /home/yashvant/ros2_ws/install/summer_task_interfaces/include/summer_task_interfaces/summer_task_interfaces/action/detail/execute_circle__type_support.cpp
[3.914s] -- Installing: /home/yashvant/ros2_ws/install/summer_task_interfaces/lib/libsummer_task_interfaces__rosidl_typesupport_introspection_cpp.so
[3.914s] -- Set runtime path of "/home/yashvant/ros2_ws/install/summer_task_interfaces/lib/libsummer_task_interfaces__rosidl_typesupport_introspection_cpp.so" to ""
[3.914s] -- Installing: /home/yashvant/ros2_ws/install/summer_task_interfaces/lib/libsummer_task_interfaces__rosidl_typesupport_cpp.so
[3.914s] -- Set runtime path of "/home/yashvant/ros2_ws/install/summer_task_interfaces/lib/libsummer_task_interfaces__rosidl_typesupport_cpp.so" to ""
[3.914s] -- Installing: /home/yashvant/ros2_ws/install/summer_task_interfaces/share/summer_task_interfaces/environment/pythonpath.sh
[3.914s] -- Installing: /home/yashvant/ros2_ws/install/summer_task_interfaces/share/summer_task_interfaces/environment/pythonpath.dsv
[3.914s] -- Installing: /home/yashvant/ros2_ws/install/summer_task_interfaces/local/lib/python3.10/dist-packages/summer_task_interfaces-0.0.0-py3.10.egg-info
[3.914s] -- Installing: /home/yashvant/ros2_ws/install/summer_task_interfaces/local/lib/python3.10/dist-packages/summer_task_interfaces-0.0.0-py3.10.egg-info/SOURCES.txt
[3.914s] -- Installing: /home/yashvant/ros2_ws/install/summer_task_interfaces/local/lib/python3.10/dist-packages/summer_task_interfaces-0.0.0-py3.10.egg-info/dependency_links.txt
[3.914s] -- Installing: /home/yashvant/ros2_ws/install/summer_task_interfaces/local/lib/python3.10/dist-packages/summer_task_interfaces-0.0.0-py3.10.egg-info/top_level.txt
[3.914s] -- Installing: /home/yashvant/ros2_ws/install/summer_task_interfaces/local/lib/python3.10/dist-packages/summer_task_interfaces-0.0.0-py3.10.egg-info/PKG-INFO
[3.914s] -- Installing: /home/yashvant/ros2_ws/install/summer_task_interfaces/local/lib/python3.10/dist-packages/summer_task_interfaces
[3.914s] -- Installing: /home/yashvant/ros2_ws/install/summer_task_interfaces/local/lib/python3.10/dist-packages/summer_task_interfaces/summer_task_interfaces_s__rosidl_typesupport_c.cpython-310-x86_64-linux-gnu.so
[3.914s] -- Installing: /home/yashvant/ros2_ws/install/summer_task_interfaces/local/lib/python3.10/dist-packages/summer_task_interfaces/libsummer_task_interfaces__rosidl_generator_py.so
[3.914s] -- Installing: /home/yashvant/ros2_ws/install/summer_task_interfaces/local/lib/python3.10/dist-packages/summer_task_interfaces/action
[3.914s] -- Installing: /home/yashvant/ros2_ws/install/summer_task_interfaces/local/lib/python3.10/dist-packages/summer_task_interfaces/action/__init__.py
[3.914s] -- Installing: /home/yashvant/ros2_ws/install/summer_task_interfaces/local/lib/python3.10/dist-packages/summer_task_interfaces/action/_execute_circle.py
[3.915s] -- Installing: /home/yashvant/ros2_ws/install/summer_task_interfaces/local/lib/python3.10/dist-packages/summer_task_interfaces/action/_execute_circle_s.c
[3.915s] -- Installing: /home/yashvant/ros2_ws/install/summer_task_interfaces/local/lib/python3.10/dist-packages/summer_task_interfaces/__init__.py
[3.915s] -- Installing: /home/yashvant/ros2_ws/install/summer_task_interfaces/local/lib/python3.10/dist-packages/summer_task_interfaces/summer_task_interfaces_s__rosidl_typesupport_introspection_c.cpython-310-x86_64-linux-gnu.so
[3.915s] -- Installing: /home/yashvant/ros2_ws/install/summer_task_interfaces/local/lib/python3.10/dist-packages/summer_task_interfaces/_summer_task_interfaces_s.ep.rosidl_typesupport_c.c
[3.915s] -- Installing: /home/yashvant/ros2_ws/install/summer_task_interfaces/local/lib/python3.10/dist-packages/summer_task_interfaces/_summer_task_interfaces_s.ep.rosidl_typesupport_introspection_c.c
[3.915s] -- Installing: /home/yashvant/ros2_ws/install/summer_task_interfaces/local/lib/python3.10/dist-packages/summer_task_interfaces/_summer_task_interfaces_s.ep.rosidl_typesupport_fastrtps_c.c
[3.915s] -- Installing: /home/yashvant/ros2_ws/install/summer_task_interfaces/local/lib/python3.10/dist-packages/summer_task_interfaces/summer_task_interfaces_s__rosidl_typesupport_fastrtps_c.cpython-310-x86_64-linux-gnu.so
[3.946s] Listing '/home/yashvant/ros2_ws/install/summer_task_interfaces/local/lib/python3.10/dist-packages/summer_task_interfaces'...
[3.946s] Compiling '/home/yashvant/ros2_ws/install/summer_task_interfaces/local/lib/python3.10/dist-packages/summer_task_interfaces/__init__.py'...
[3.946s] Listing '/home/yashvant/ros2_ws/install/summer_task_interfaces/local/lib/python3.10/dist-packages/summer_task_interfaces/action'...
[3.946s] Compiling '/home/yashvant/ros2_ws/install/summer_task_interfaces/local/lib/python3.10/dist-packages/summer_task_interfaces/action/__init__.py'...
[3.946s] Compiling '/home/yashvant/ros2_ws/install/summer_task_interfaces/local/lib/python3.10/dist-packages/summer_task_interfaces/action/_execute_circle.py'...
[3.950s] -- Installing: /home/yashvant/ros2_ws/install/summer_task_interfaces/local/lib/python3.10/dist-packages/summer_task_interfaces/summer_task_interfaces_s__rosidl_typesupport_fastrtps_c.cpython-310-x86_64-linux-gnu.so
[3.950s] -- Set runtime path of "/home/yashvant/ros2_ws/install/summer_task_interfaces/local/lib/python3.10/dist-packages/summer_task_interfaces/summer_task_interfaces_s__rosidl_typesupport_fastrtps_c.cpython-310-x86_64-linux-gnu.so" to ""
[3.950s] -- Installing: /home/yashvant/ros2_ws/install/summer_task_interfaces/local/lib/python3.10/dist-packages/summer_task_interfaces/summer_task_interfaces_s__rosidl_typesupport_introspection_c.cpython-310-x86_64-linux-gnu.so
[3.950s] -- Set runtime path of "/home/yashvant/ros2_ws/install/summer_task_interfaces/local/lib/python3.10/dist-packages/summer_task_interfaces/summer_task_interfaces_s__rosidl_typesupport_introspection_c.cpython-310-x86_64-linux-gnu.so" to ""
[3.950s] -- Installing: /home/yashvant/ros2_ws/install/summer_task_interfaces/local/lib/python3.10/dist-packages/summer_task_interfaces/summer_task_interfaces_s__rosidl_typesupport_c.cpython-310-x86_64-linux-gnu.so
[3.951s] -- Set runtime path of "/home/yashvant/ros2_ws/install/summer_task_interfaces/local/lib/python3.10/dist-packages/summer_task_interfaces/summer_task_interfaces_s__rosidl_typesupport_c.cpython-310-x86_64-linux-gnu.so" to ""
[3.951s] -- Installing: /home/yashvant/ros2_ws/install/summer_task_interfaces/lib/libsummer_task_interfaces__rosidl_generator_py.so
[3.951s] -- Set runtime path of "/home/yashvant/ros2_ws/install/summer_task_interfaces/lib/libsummer_task_interfaces__rosidl_generator_py.so" to ""
[3.951s] -- Installing: /home/yashvant/ros2_ws/install/summer_task_interfaces/share/ament_index/resource_index/rust_packages/summer_task_interfaces
[3.951s] -- Installing: /home/yashvant/ros2_ws/install/summer_task_interfaces/share/summer_task_interfaces/rust
[3.951s] -- Installing: /home/yashvant/ros2_ws/install/summer_task_interfaces/share/summer_task_interfaces/rust/build.rs
[3.951s] -- Installing: /home/yashvant/ros2_ws/install/summer_task_interfaces/share/summer_task_interfaces/rust/Cargo.toml
[3.951s] -- Installing: /home/yashvant/ros2_ws/install/summer_task_interfaces/share/summer_task_interfaces/rust/src
[3.951s] -- Installing: /home/yashvant/ros2_ws/install/summer_task_interfaces/share/summer_task_interfaces/rust/src/action
[3.951s] -- Installing: /home/yashvant/ros2_ws/install/summer_task_interfaces/share/summer_task_interfaces/rust/src/action/rmw.rs
[3.951s] -- Installing: /home/yashvant/ros2_ws/install/summer_task_interfaces/share/summer_task_interfaces/rust/src/lib.rs
[3.951s] -- Installing: /home/yashvant/ros2_ws/install/summer_task_interfaces/share/summer_task_interfaces/rust/src/action.rs
[3.951s] -- Installing: /home/yashvant/ros2_ws/install/summer_task_interfaces/share/summer_task_interfaces/action/ExecuteCircle.idl
[3.951s] -- Installing: /home/yashvant/ros2_ws/install/summer_task_interfaces/share/summer_task_interfaces/action/ExecuteCircle.action
[3.951s] -- Installing: /home/yashvant/ros2_ws/install/summer_task_interfaces/share/ament_index/resource_index/package_run_dependencies/summer_task_interfaces
[3.951s] -- Installing: /home/yashvant/ros2_ws/install/summer_task_interfaces/share/ament_index/resource_index/parent_prefix_path/summer_task_interfaces
[3.951s] -- Installing: /home/yashvant/ros2_ws/install/summer_task_interfaces/share/summer_task_interfaces/environment/ament_prefix_path.sh
[3.951s] -- Installing: /home/yashvant/ros2_ws/install/summer_task_interfaces/share/summer_task_interfaces/environment/ament_prefix_path.dsv
[3.951s] -- Installing: /home/yashvant/ros2_ws/install/summer_task_interfaces/share/summer_task_interfaces/environment/path.sh
[3.952s] -- Installing: /home/yashvant/ros2_ws/install/summer_task_interfaces/share/summer_task_interfaces/environment/path.dsv
[3.952s] -- Installing: /home/yashvant/ros2_ws/install/summer_task_interfaces/share/summer_task_interfaces/local_setup.bash
[3.952s] -- Installing: /home/yashvant/ros2_ws/install/summer_task_interfaces/share/summer_task_interfaces/local_setup.sh
[3.952s] -- Installing: /home/yashvant/ros2_ws/install/summer_task_interfaces/share/summer_task_interfaces/local_setup.zsh
[3.952s] -- Installing: /home/yashvant/ros2_ws/install/summer_task_interfaces/share/summer_task_interfaces/local_setup.dsv
[3.952s] -- Installing: /home/yashvant/ros2_ws/install/summer_task_interfaces/share/summer_task_interfaces/package.dsv
[3.952s] -- Installing: /home/yashvant/ros2_ws/install/summer_task_interfaces/share/ament_index/resource_index/packages/summer_task_interfaces
[3.952s] -- Installing: /home/yashvant/ros2_ws/install/summer_task_interfaces/share/summer_task_interfaces/cmake/export_summer_task_interfaces__rosidl_generator_cExport.cmake
[3.952s] -- Installing: /home/yashvant/ros2_ws/install/summer_task_interfaces/share/summer_task_interfaces/cmake/export_summer_task_interfaces__rosidl_generator_cExport-noconfig.cmake
[3.952s] -- Installing: /home/yashvant/ros2_ws/install/summer_task_interfaces/share/summer_task_interfaces/cmake/export_summer_task_interfaces__rosidl_typesupport_fastrtps_cExport.cmake
[3.952s] -- Installing: /home/yashvant/ros2_ws/install/summer_task_interfaces/share/summer_task_interfaces/cmake/export_summer_task_interfaces__rosidl_typesupport_fastrtps_cExport-noconfig.cmake
[3.952s] -- Installing: /home/yashvant/ros2_ws/install/summer_task_interfaces/share/summer_task_interfaces/cmake/summer_task_interfaces__rosidl_typesupport_introspection_cExport.cmake
[3.952s] -- Installing: /home/yashvant/ros2_ws/install/summer_task_interfaces/share/summer_task_interfaces/cmake/summer_task_interfaces__rosidl_typesupport_introspection_cExport-noconfig.cmake
[3.952s] -- Installing: /home/yashvant/ros2_ws/install/summer_task_interfaces/share/summer_task_interfaces/cmake/summer_task_interfaces__rosidl_typesupport_cExport.cmake
[3.952s] -- Installing: /home/yashvant/ros2_ws/install/summer_task_interfaces/share/summer_task_interfaces/cmake/summer_task_interfaces__rosidl_typesupport_cExport-noconfig.cmake
[3.952s] -- Installing: /home/yashvant/ros2_ws/install/summer_task_interfaces/share/summer_task_interfaces/cmake/export_summer_task_interfaces__rosidl_generator_cppExport.cmake
[3.952s] -- Installing: /home/yashvant/ros2_ws/install/summer_task_interfaces/share/summer_task_interfaces/cmake/export_summer_task_interfaces__rosidl_typesupport_fastrtps_cppExport.cmake
[3.952s] -- Installing: /home/yashvant/ros2_ws/install/summer_task_interfaces/share/summer_task_interfaces/cmake/export_summer_task_interfaces__rosidl_typesupport_fastrtps_cppExport-noconfig.cmake
[3.952s] -- Installing: /home/yashvant/ros2_ws/install/summer_task_interfaces/share/summer_task_interfaces/cmake/summer_task_interfaces__rosidl_typesupport_introspection_cppExport.cmake
[3.952s] -- Installing: /home/yashvant/ros2_ws/install/summer_task_interfaces/share/summer_task_interfaces/cmake/summer_task_interfaces__rosidl_typesupport_introspection_cppExport-noconfig.cmake
[3.952s] -- Installing: /home/yashvant/ros2_ws/install/summer_task_interfaces/share/summer_task_interfaces/cmake/summer_task_interfaces__rosidl_typesupport_cppExport.cmake
[3.952s] -- Installing: /home/yashvant/ros2_ws/install/summer_task_interfaces/share/summer_task_interfaces/cmake/summer_task_interfaces__rosidl_typesupport_cppExport-noconfig.cmake
[3.952s] -- Installing: /home/yashvant/ros2_ws/install/summer_task_interfaces/share/summer_task_interfaces/cmake/export_summer_task_interfaces__rosidl_generator_pyExport.cmake
[3.952s] -- Installing: /home/yashvant/ros2_ws/install/summer_task_interfaces/share/summer_task_interfaces/cmake/export_summer_task_interfaces__rosidl_generator_pyExport-noconfig.cmake
[3.952s] -- Installing: /home/yashvant/ros2_ws/install/summer_task_interfaces/share/summer_task_interfaces/cmake/rosidl_cmake-extras.cmake
[3.953s] -- Installing: /home/yashvant/ros2_ws/install/summer_task_interfaces/share/summer_task_interfaces/cmake/ament_cmake_export_dependencies-extras.cmake
[3.953s] -- Installing: /home/yashvant/ros2_ws/install/summer_task_interfaces/share/summer_task_interfaces/cmake/ament_cmake_export_include_directories-extras.cmake
[3.953s] -- Installing: /home/yashvant/ros2_ws/install/summer_task_interfaces/share/summer_task_interfaces/cmake/ament_cmake_export_libraries-extras.cmake
[3.953s] -- Installing: /home/yashvant/ros2_ws/install/summer_task_interfaces/share/summer_task_interfaces/cmake/ament_cmake_export_targets-extras.cmake
[3.953s] -- Installing: /home/yashvant/ros2_ws/install/summer_task_interfaces/share/summer_task_interfaces/cmake/rosidl_cmake_export_typesupport_targets-extras.cmake
[3.953s] -- Installing: /home/yashvant/ros2_ws/install/summer_task_interfaces/share/summer_task_interfaces/cmake/rosidl_cmake_export_typesupport_libraries-extras.cmake
[3.953s] -- Installing: /home/yashvant/ros2_ws/install/summer_task_interfaces/share/summer_task_interfaces/cmake/summer_task_interfacesConfig.cmake
[3.953s] -- Installing: /home/yashvant/ros2_ws/install/summer_task_interfaces/share/summer_task_interfaces/cmake/summer_task_interfacesConfig-version.cmake
[3.953s] -- Installing: /home/yashvant/ros2_ws/install/summer_task_interfaces/share/summer_task_interfaces/package.xml
[3.955s] Invoked command in '/home/yashvant/ros2_ws/build/summer_task_interfaces' returned '0': CMAKE_PREFIX_PATH=/opt/ros/humble /usr/bin/cmake --install /home/yashvant/ros2_ws/build/summer_task_interfaces
